#
# There is insufficient memory for the Java Runtime Environment to continue.
# Native memory allocation (mmap) failed to map 10737418240 bytes for committing reserved memory.
# Possible reasons:
#   The system is out of physical RAM or swap space
#   The process is running with CompressedOops enabled, and the Java Heap may be blocking the growth of the native heap
# Possible solutions:
#   Reduce memory load on the system
#   Increase physical memory or swap space
#   Check if swap backing store is full
#   Decrease Java heap size (-Xmx/-Xms)
#   Decrease number of Java threads
#   Decrease Java thread stack sizes (-Xss)
#   Set larger code cache with -XX:ReservedCodeCacheSize=
# This output file may be truncated or incomplete.
#
#  Out of Memory Error (os_linux.cpp:2866), pid=32715, tid=32716
#
# JRE version:  (11.0.7+10) (build )
# Java VM: OpenJDK 64-Bit Server VM (11.0.7+10-post-Ubuntu-2ubuntu218.04, mixed mode, sharing, tiered, compressed oops, g1 gc, linux-amd64)
# Core dump will be written. Default location: Core dumps may be processed with "/usr/share/apport/apport %p %s %c %d %P %E" (or dumping to /root/the-one-transit/core.32715)
#

---------------  S U M M A R Y ------------

Command Line: -Xmx14000M -Xms10G -Xmx10G core.DTNSim -b 1 helsinki1True_settings.txt

Host: Intel(R) Xeon(R) Gold 6136 CPU @ 3.00GHz, 16 cores, 125G, Ubuntu 18.04.4 LTS
Time: Sat May 30 11:58:17 2020 UTC elapsed time: 0 seconds (0d 0h 0m 0s)

---------------  T H R E A D  ---------------

Current thread (0x00007f3c84016000):  JavaThread "Unknown thread" [_thread_in_vm, id=32716, stack(0x00007f3c8c385000,0x00007f3c8c486000)]

Stack: [0x00007f3c8c385000,0x00007f3c8c486000],  sp=0x00007f3c8c484220,  free space=1020k
Native frames: (J=compiled Java code, A=aot compiled Java code, j=interpreted, Vv=VM code, C=native code)
V  [libjvm.so+0xdf8009]
V  [libjvm.so+0xdf8c9b]
V  [libjvm.so+0x6514e5]
V  [libjvm.so+0xbcfd48]
V  [libjvm.so+0xbc739d]
V  [libjvm.so+0x77034f]
V  [libjvm.so+0x7705be]
V  [libjvm.so+0x77c630]
V  [libjvm.so+0x7f8339]
V  [libjvm.so+0x7f8f92]
V  [libjvm.so+0x7f93f9]
V  [libjvm.so+0x72ea4f]
V  [libjvm.so+0x72f13d]
V  [libjvm.so+0xdb2512]
V  [libjvm.so+0xdb27a6]
V  [libjvm.so+0x81c067]
V  [libjvm.so+0xd8971f]
V  [libjvm.so+0x8d5871]  JNI_CreateJavaVM+0x51
C  [libjli.so+0x4a66]
C  [libjli.so+0x92cd]


---------------  P R O C E S S  ---------------

Threads class SMR info:
_java_thread_list=0x0000562a255e20a0, length=0, elements={
}

Java Threads: ( => current thread )

Other Threads:
  0x00007f3c8402f800 GCTaskThread "GC Thread#0" [stack: 0x00007f3c8835b000,0x00007f3c8845b000] [id=32717]
  0x00007f3c84058000 ConcurrentGCThread "G1 Main Marker" [stack: 0x00007f3c50109000,0x00007f3c50209000] [id=32718]
  0x00007f3c8405a000 ConcurrentGCThread "G1 Conc#0" [stack: 0x00007f3c50007000,0x00007f3c50107000] [id=32719]

[error occurred during error reporting (printing all threads), id 0xb, SIGSEGV (0xb) at pc=0x00007f3c8a945d90]

VM state:not at safepoint (not fully initialized)

VM Mutex/Monitor currently owned by a thread:  ([mutex/lock_event])
[0x00007f3c840127c0] Heap_lock - owner thread: 0x00007f3c84016000

Heap address: 0x0000000580000000, size: 10240 MB, Compressed Oops mode: Non-zero based: 0x0000000580000000
Narrow klass base: 0x0000000000000000, Narrow klass shift: 0

GC Heap History (0 events):
No events

Deoptimization events (0 events):
No events

Classes redefined (0 events):
No events

Internal exceptions (0 events):
No events

Events (3 events):
Event: 0.002 Protecting memory [0x00007f3c8c385000,0x00007f3c8c389000] with protection modes 0
Event: 0.002 Loaded shared library /usr/lib/jvm/java-11-openjdk-amd64/lib/libzip.so
Event: 0.002 Loaded shared library /usr/lib/jvm/java-11-openjdk-amd64/lib/libjimage.so


Dynamic libraries:
562a24a1b000-562a24a1c000 r-xp 00000000 fd:01 657309                     /usr/lib/jvm/java-11-openjdk-amd64/bin/java
562a24c1c000-562a24c1d000 r--p 00001000 fd:01 657309                     /usr/lib/jvm/java-11-openjdk-amd64/bin/java
562a24c1d000-562a24c1e000 rw-p 00002000 fd:01 657309                     /usr/lib/jvm/java-11-openjdk-amd64/bin/java
562a255ca000-562a255eb000 rw-p 00000000 00:00 0                          [heap]
7f3c44000000-7f3c44021000 rw-p 00000000 00:00 0 
7f3c44021000-7f3c48000000 ---p 00000000 00:00 0 
7f3c492f3000-7f3c4c000000 rw-p 00000000 00:00 0 
7f3c4c000000-7f3c4c021000 rw-p 00000000 00:00 0 
7f3c4c021000-7f3c50000000 ---p 00000000 00:00 0 
7f3c50005000-7f3c50006000 ---p 00000000 00:00 0 
7f3c50006000-7f3c50107000 rw-p 00000000 00:00 0 
7f3c50107000-7f3c50108000 ---p 00000000 00:00 0 
7f3c50108000-7f3c502ff000 rw-p 00000000 00:00 0 
7f3c502ff000-7f3c67eff000 ---p 00000000 00:00 0 
7f3c67eff000-7f3c68000000 rw-p 00000000 00:00 0 
7f3c68000000-7f3c68021000 rw-p 00000000 00:00 0 
7f3c68021000-7f3c6c000000 ---p 00000000 00:00 0 
7f3c6c004000-7f3c6c90d000 rw-p 00000000 00:00 0 
7f3c6c90d000-7f3c6cb7d000 rwxp 00000000 00:00 0 
7f3c6cb7d000-7f3c6d04c000 ---p 00000000 00:00 0 
7f3c6d04c000-7f3c6d2bc000 rwxp 00000000 00:00 0 
7f3c6d2bc000-7f3c744ac000 ---p 00000000 00:00 0 
7f3c744ac000-7f3c7471c000 rwxp 00000000 00:00 0 
7f3c7471c000-7f3c7b90d000 ---p 00000000 00:00 0 
7f3c7b90d000-7f3c84000000 r--s 00000000 fd:01 657669                     /usr/lib/jvm/java-11-openjdk-amd64/lib/modules
7f3c84000000-7f3c8409a000 rw-p 00000000 00:00 0 
7f3c8409a000-7f3c88000000 ---p 00000000 00:00 0 
7f3c88056000-7f3c88359000 rw-p 00000000 00:00 0 
7f3c88359000-7f3c8835a000 ---p 00000000 00:00 0 
7f3c8835a000-7f3c88460000 rw-p 00000000 00:00 0 
7f3c88460000-7f3c88544000 ---p 00000000 00:00 0 
7f3c88544000-7f3c88549000 rw-p 00000000 00:00 0 
7f3c88549000-7f3c8862d000 ---p 00000000 00:00 0 
7f3c8862d000-7f3c88632000 r-xp 00000000 fd:01 657650                     /usr/lib/jvm/java-11-openjdk-amd64/lib/libjimage.so
7f3c88632000-7f3c88831000 ---p 00005000 fd:01 657650                     /usr/lib/jvm/java-11-openjdk-amd64/lib/libjimage.so
7f3c88831000-7f3c88832000 r--p 00004000 fd:01 657650                     /usr/lib/jvm/java-11-openjdk-amd64/lib/libjimage.so
7f3c88832000-7f3c88833000 rw-p 00005000 fd:01 657650                     /usr/lib/jvm/java-11-openjdk-amd64/lib/libjimage.so
7f3c88833000-7f3c8883a000 r-xp 00000000 fd:01 657668                     /usr/lib/jvm/java-11-openjdk-amd64/lib/libzip.so
7f3c8883a000-7f3c88a39000 ---p 00007000 fd:01 657668                     /usr/lib/jvm/java-11-openjdk-amd64/lib/libzip.so
7f3c88a39000-7f3c88a3a000 r--p 00006000 fd:01 657668                     /usr/lib/jvm/java-11-openjdk-amd64/lib/libzip.so
7f3c88a3a000-7f3c88a3b000 rw-p 00007000 fd:01 657668                     /usr/lib/jvm/java-11-openjdk-amd64/lib/libzip.so
7f3c88a3b000-7f3c88a46000 r-xp 00000000 fd:01 654078                     /lib/x86_64-linux-gnu/libnss_files-2.27.so
7f3c88a46000-7f3c88c45000 ---p 0000b000 fd:01 654078                     /lib/x86_64-linux-gnu/libnss_files-2.27.so
7f3c88c45000-7f3c88c46000 r--p 0000a000 fd:01 654078                     /lib/x86_64-linux-gnu/libnss_files-2.27.so
7f3c88c46000-7f3c88c47000 rw-p 0000b000 fd:01 654078                     /lib/x86_64-linux-gnu/libnss_files-2.27.so
7f3c88c47000-7f3c88c4d000 rw-p 00000000 00:00 0 
7f3c88c4d000-7f3c88c64000 r-xp 00000000 fd:01 654072                     /lib/x86_64-linux-gnu/libnsl-2.27.so
7f3c88c64000-7f3c88e63000 ---p 00017000 fd:01 654072                     /lib/x86_64-linux-gnu/libnsl-2.27.so
7f3c88e63000-7f3c88e64000 r--p 00016000 fd:01 654072                     /lib/x86_64-linux-gnu/libnsl-2.27.so
7f3c88e64000-7f3c88e65000 rw-p 00017000 fd:01 654072                     /lib/x86_64-linux-gnu/libnsl-2.27.so
7f3c88e65000-7f3c88e67000 rw-p 00000000 00:00 0 
7f3c88e67000-7f3c88e72000 r-xp 00000000 fd:01 654082                     /lib/x86_64-linux-gnu/libnss_nis-2.27.so
7f3c88e72000-7f3c89071000 ---p 0000b000 fd:01 654082                     /lib/x86_64-linux-gnu/libnss_nis-2.27.so
7f3c89071000-7f3c89072000 r--p 0000a000 fd:01 654082                     /lib/x86_64-linux-gnu/libnss_nis-2.27.so
7f3c89072000-7f3c89073000 rw-p 0000b000 fd:01 654082                     /lib/x86_64-linux-gnu/libnss_nis-2.27.so
7f3c89073000-7f3c8907b000 r-xp 00000000 fd:01 654074                     /lib/x86_64-linux-gnu/libnss_compat-2.27.so
7f3c8907b000-7f3c8927b000 ---p 00008000 fd:01 654074                     /lib/x86_64-linux-gnu/libnss_compat-2.27.so
7f3c8927b000-7f3c8927c000 r--p 00008000 fd:01 654074                     /lib/x86_64-linux-gnu/libnss_compat-2.27.so
7f3c8927c000-7f3c8927d000 rw-p 00009000 fd:01 654074                     /lib/x86_64-linux-gnu/libnss_compat-2.27.so
7f3c8927d000-7f3c892a6000 r-xp 00000000 fd:01 657646                     /usr/lib/jvm/java-11-openjdk-amd64/lib/libjava.so
7f3c892a6000-7f3c894a5000 ---p 00029000 fd:01 657646                     /usr/lib/jvm/java-11-openjdk-amd64/lib/libjava.so
7f3c894a5000-7f3c894a6000 r--p 00028000 fd:01 657646                     /usr/lib/jvm/java-11-openjdk-amd64/lib/libjava.so
7f3c894a6000-7f3c894a8000 rw-p 00029000 fd:01 657646                     /usr/lib/jvm/java-11-openjdk-amd64/lib/libjava.so
7f3c894a8000-7f3c894b5000 r-xp 00000000 fd:01 657667                     /usr/lib/jvm/java-11-openjdk-amd64/lib/libverify.so
7f3c894b5000-7f3c896b4000 ---p 0000d000 fd:01 657667                     /usr/lib/jvm/java-11-openjdk-amd64/lib/libverify.so
7f3c896b4000-7f3c896b6000 r--p 0000c000 fd:01 657667                     /usr/lib/jvm/java-11-openjdk-amd64/lib/libverify.so
7f3c896b6000-7f3c896b7000 rw-p 0000e000 fd:01 657667                     /usr/lib/jvm/java-11-openjdk-amd64/lib/libverify.so
7f3c896b7000-7f3c896be000 r-xp 00000000 fd:01 654104                     /lib/x86_64-linux-gnu/librt-2.27.so
7f3c896be000-7f3c898bd000 ---p 00007000 fd:01 654104                     /lib/x86_64-linux-gnu/librt-2.27.so
7f3c898bd000-7f3c898be000 r--p 00006000 fd:01 654104                     /lib/x86_64-linux-gnu/librt-2.27.so
7f3c898be000-7f3c898bf000 rw-p 00007000 fd:01 654104                     /lib/x86_64-linux-gnu/librt-2.27.so
7f3c898bf000-7f3c898d6000 r-xp 00000000 fd:01 654044                     /lib/x86_64-linux-gnu/libgcc_s.so.1
7f3c898d6000-7f3c89ad5000 ---p 00017000 fd:01 654044                     /lib/x86_64-linux-gnu/libgcc_s.so.1
7f3c89ad5000-7f3c89ad6000 r--p 00016000 fd:01 654044                     /lib/x86_64-linux-gnu/libgcc_s.so.1
7f3c89ad6000-7f3c89ad7000 rw-p 00017000 fd:01 654044                     /lib/x86_64-linux-gnu/libgcc_s.so.1
7f3c89ad7000-7f3c89c74000 r-xp 00000000 fd:01 654061                     /lib/x86_64-linux-gnu/libm-2.27.so
7f3c89c74000-7f3c89e73000 ---p 0019d000 fd:01 654061                     /lib/x86_64-linux-gnu/libm-2.27.so
7f3c89e73000-7f3c89e74000 r--p 0019c000 fd:01 654061                     /lib/x86_64-linux-gnu/libm-2.27.so
7f3c89e74000-7f3c89e75000 rw-p 0019d000 fd:01 654061                     /lib/x86_64-linux-gnu/libm-2.27.so
7f3c89e75000-7f3c89fee000 r-xp 00000000 fd:01 660170                     /usr/lib/x86_64-linux-gnu/libstdc++.so.6.0.25
7f3c89fee000-7f3c8a1ee000 ---p 00179000 fd:01 660170                     /usr/lib/x86_64-linux-gnu/libstdc++.so.6.0.25
7f3c8a1ee000-7f3c8a1f8000 r--p 00179000 fd:01 660170                     /usr/lib/x86_64-linux-gnu/libstdc++.so.6.0.25
7f3c8a1f8000-7f3c8a1fa000 rw-p 00183000 fd:01 660170                     /usr/lib/x86_64-linux-gnu/libstdc++.so.6.0.25
7f3c8a1fa000-7f3c8a1fe000 rw-p 00000000 00:00 0 
7f3c8a1fe000-7f3c8b2db000 r-xp 00000000 fd:01 657681                     /usr/lib/jvm/java-11-openjdk-amd64/lib/server/libjvm.so
7f3c8b2db000-7f3c8b4da000 ---p 010dd000 fd:01 657681                     /usr/lib/jvm/java-11-openjdk-amd64/lib/server/libjvm.so
7f3c8b4da000-7f3c8b597000 r--p 010dc000 fd:01 657681                     /usr/lib/jvm/java-11-openjdk-amd64/lib/server/libjvm.so
7f3c8b597000-7f3c8b5d1000 rw-p 01199000 fd:01 657681                     /usr/lib/jvm/java-11-openjdk-amd64/lib/server/libjvm.so
7f3c8b5d1000-7f3c8b627000 rw-p 00000000 00:00 0 
7f3c8b627000-7f3c8b641000 r-xp 00000000 fd:01 654098                     /lib/x86_64-linux-gnu/libpthread-2.27.so
7f3c8b641000-7f3c8b840000 ---p 0001a000 fd:01 654098                     /lib/x86_64-linux-gnu/libpthread-2.27.so
7f3c8b840000-7f3c8b841000 r--p 00019000 fd:01 654098                     /lib/x86_64-linux-gnu/libpthread-2.27.so
7f3c8b841000-7f3c8b842000 rw-p 0001a000 fd:01 654098                     /lib/x86_64-linux-gnu/libpthread-2.27.so
7f3c8b842000-7f3c8b846000 rw-p 00000000 00:00 0 
7f3c8b846000-7f3c8b849000 r-xp 00000000 fd:01 654034                     /lib/x86_64-linux-gnu/libdl-2.27.so
7f3c8b849000-7f3c8ba48000 ---p 00003000 fd:01 654034                     /lib/x86_64-linux-gnu/libdl-2.27.so
7f3c8ba48000-7f3c8ba49000 r--p 00002000 fd:01 654034                     /lib/x86_64-linux-gnu/libdl-2.27.so
7f3c8ba49000-7f3c8ba4a000 rw-p 00003000 fd:01 654034                     /lib/x86_64-linux-gnu/libdl-2.27.so
7f3c8ba4a000-7f3c8ba66000 r-xp 00000000 fd:01 654129                     /lib/x86_64-linux-gnu/libz.so.1.2.11
7f3c8ba66000-7f3c8bc65000 ---p 0001c000 fd:01 654129                     /lib/x86_64-linux-gnu/libz.so.1.2.11
7f3c8bc65000-7f3c8bc66000 r--p 0001b000 fd:01 654129                     /lib/x86_64-linux-gnu/libz.so.1.2.11
7f3c8bc66000-7f3c8bc67000 rw-p 0001c000 fd:01 654129                     /lib/x86_64-linux-gnu/libz.so.1.2.11
7f3c8bc67000-7f3c8be4e000 r-xp 00000000 fd:01 654017                     /lib/x86_64-linux-gnu/libc-2.27.so
7f3c8be4e000-7f3c8c04e000 ---p 001e7000 fd:01 654017                     /lib/x86_64-linux-gnu/libc-2.27.so
7f3c8c04e000-7f3c8c052000 r--p 001e7000 fd:01 654017                     /lib/x86_64-linux-gnu/libc-2.27.so
7f3c8c052000-7f3c8c054000 rw-p 001eb000 fd:01 654017                     /lib/x86_64-linux-gnu/libc-2.27.so
7f3c8c054000-7f3c8c058000 rw-p 00000000 00:00 0 
7f3c8c058000-7f3c8c068000 r-xp 00000000 fd:01 657628                     /usr/lib/jvm/java-11-openjdk-amd64/lib/jli/libjli.so
7f3c8c068000-7f3c8c267000 ---p 00010000 fd:01 657628                     /usr/lib/jvm/java-11-openjdk-amd64/lib/jli/libjli.so
7f3c8c267000-7f3c8c268000 r--p 0000f000 fd:01 657628                     /usr/lib/jvm/java-11-openjdk-amd64/lib/jli/libjli.so
7f3c8c268000-7f3c8c269000 rw-p 00010000 fd:01 657628                     /usr/lib/jvm/java-11-openjdk-amd64/lib/jli/libjli.so
7f3c8c269000-7f3c8c290000 r-xp 00000000 fd:01 653995                     /lib/x86_64-linux-gnu/ld-2.27.so
7f3c8c31d000-7f3c8c373000 rw-p 00000000 00:00 0 
7f3c8c373000-7f3c8c37d000 ---p 00000000 00:00 0 
7f3c8c37d000-7f3c8c385000 rw-s 00000000 fd:01 684694                     /tmp/hsperfdata_root/32715
7f3c8c385000-7f3c8c389000 ---p 00000000 00:00 0 
7f3c8c389000-7f3c8c488000 rw-p 00000000 00:00 0 
7f3c8c48a000-7f3c8c48c000 r--s 00007000 fd:01 663743                     /usr/share/java/java-atk-wrapper.jar
7f3c8c48c000-7f3c8c48d000 ---p 00000000 00:00 0 
7f3c8c48d000-7f3c8c48e000 r--p 00000000 00:00 0 
7f3c8c48e000-7f3c8c490000 rw-p 00000000 00:00 0 
7f3c8c490000-7f3c8c491000 r--p 00027000 fd:01 653995                     /lib/x86_64-linux-gnu/ld-2.27.so
7f3c8c491000-7f3c8c492000 rw-p 00028000 fd:01 653995                     /lib/x86_64-linux-gnu/ld-2.27.so
7f3c8c492000-7f3c8c493000 rw-p 00000000 00:00 0 
7ffcae5ec000-7ffcae60d000 rw-p 00000000 00:00 0                          [stack]
7ffcae6a4000-7ffcae6a7000 r--p 00000000 00:00 0                          [vvar]
7ffcae6a7000-7ffcae6a9000 r-xp 00000000 00:00 0                          [vdso]
ffffffffff600000-ffffffffff601000 r-xp 00000000 00:00 0                  [vsyscall]


VM Arguments:
jvm_args: -Xmx14000M -Xms10G -Xmx10G 
java_command: core.DTNSim -b 1 helsinki1True_settings.txt
java_class_path (initial): target:lib/ECLA.jar:lib/DTNConsoleConnection.jar
Launcher Type: SUN_STANDARD

[Global flags]
     intx CICompilerCount                          = 12                                        {product} {ergonomic}
     uint ConcGCThreads                            = 3                                         {product} {ergonomic}
     uint G1ConcRefinementThreads                  = 13                                        {product} {ergonomic}
   size_t G1HeapRegionSize                         = 4194304                                   {product} {ergonomic}
    uintx GCDrainStackTargetSize                   = 64                                        {product} {ergonomic}
   size_t InitialHeapSize                          = 10737418240                               {product} {command line}
   size_t MarkStackSize                            = 4194304                                   {product} {ergonomic}
   size_t MaxHeapSize                              = 10737418240                               {product} {command line}
   size_t MinHeapDeltaBytes                        = 4194304                                   {product} {ergonomic}
    uintx NonNMethodCodeHeapSize                   = 7594288                                {pd product} {ergonomic}
    uintx NonProfiledCodeHeapSize                  = 122031976                              {pd product} {ergonomic}
    uintx ProfiledCodeHeapSize                     = 122031976                              {pd product} {ergonomic}
    uintx ReservedCodeCacheSize                    = 251658240                              {pd product} {ergonomic}
     bool SegmentedCodeCache                       = true                                      {product} {ergonomic}
     bool UseCompressedClassPointers               = true                                 {lp64_product} {ergonomic}
     bool UseCompressedOops                        = true                                 {lp64_product} {ergonomic}
     bool UseG1GC                                  = true                                      {product} {ergonomic}

Logging:
Log output configuration:
 #0: stdout all=warning uptime,level,tags
 #1: stderr all=off uptime,level,tags

Environment Variables:
_JAVA_OPTIONS=-Xms10G -Xmx10G
PATH=/usr/local/sbin:/usr/local/bin:/usr/sbin:/usr/bin:/sbin:/bin
SHELL=/bin/bash

Signal Handlers:
SIGSEGV: [libjvm.so+0xdf8d00], sa_mask[0]=11111111011111111101111111111110, sa_flags=SA_RESTART|SA_SIGINFO
SIGBUS: [libjvm.so+0xdf8d00], sa_mask[0]=11111111011111111101111111111110, sa_flags=SA_RESTART|SA_SIGINFO
SIGFPE: [libjvm.so+0xdf8d00], sa_mask[0]=11111111011111111101111111111110, sa_flags=SA_RESTART|SA_SIGINFO
SIGPIPE: [libjvm.so+0xbcbc30], sa_mask[0]=11111111011111111101111111111110, sa_flags=SA_RESTART|SA_SIGINFO
SIGXFSZ: [libjvm.so+0xbcbc30], sa_mask[0]=11111111011111111101111111111110, sa_flags=SA_RESTART|SA_SIGINFO
SIGILL: [libjvm.so+0xdf8d00], sa_mask[0]=11111111011111111101111111111110, sa_flags=SA_RESTART|SA_SIGINFO
SIGUSR2: [libjvm.so+0xbcbad0], sa_mask[0]=00000000000000000000000000000000, sa_flags=SA_RESTART|SA_SIGINFO
SIGHUP: SIG_DFL, sa_mask[0]=00000000000000000000000000000000, sa_flags=none
SIGINT: SIG_DFL, sa_mask[0]=00000000000000000000000000000000, sa_flags=none
SIGTERM: SIG_DFL, sa_mask[0]=00000000000000000000000000000000, sa_flags=none
SIGQUIT: SIG_DFL, sa_mask[0]=00000000000000000000000000000000, sa_flags=none


---------------  S Y S T E M  ---------------

OS:DISTRIB_ID=Ubuntu
DISTRIB_RELEASE=18.04
DISTRIB_CODENAME=bionic
DISTRIB_DESCRIPTION="Ubuntu 18.04.4 LTS"
uname:Linux 4.15.0-99-generic #100-Ubuntu SMP Wed Apr 22 20:32:56 UTC 2020 x86_64
OS uptime: 2 days 5:37 hours
libc:glibc 2.27 NPTL 2.27 
rlimit: STACK 8192k, CORE infinity, NPROC infinity, NOFILE 1048576, AS infinity, CPU infinity, DATA infinity, FSIZE infinity
load average:10.76 10.68 10.16

/proc/meminfo:
MemTotal:       132007636 kB
MemFree:         7412444 kB
MemAvailable:    6691620 kB
Buffers:           14300 kB
Cached:           133184 kB
SwapCached:        40632 kB
Active:         121585312 kB
Inactive:        2249808 kB
Active(anon):   121518568 kB
Inactive(anon):  2168920 kB
Active(file):      66744 kB
Inactive(file):    80888 kB
Unevictable:           0 kB
Mlocked:               0 kB
SwapTotal:       1998844 kB
SwapFree:        1751060 kB
Dirty:              6456 kB
Writeback:             0 kB
AnonPages:      123653260 kB
Mapped:            73756 kB
Shmem:                 4 kB
Slab:             277200 kB
SReclaimable:     104604 kB
SUnreclaim:       172596 kB
KernelStack:       12496 kB
PageTables:       257448 kB
NFS_Unstable:          0 kB
Bounce:                0 kB
WritebackTmp:          0 kB
CommitLimit:    68002660 kB
Committed_AS:   154529560 kB
VmallocTotal:   34359738367 kB
VmallocUsed:           0 kB
VmallocChunk:          0 kB
HardwareCorrupted:     0 kB
AnonHugePages:         0 kB
ShmemHugePages:        0 kB
ShmemPmdMapped:        0 kB
CmaTotal:              0 kB
CmaFree:               0 kB
HugePages_Total:       0
HugePages_Free:        0
HugePages_Rsvd:        0
HugePages_Surp:        0
Hugepagesize:       2048 kB
DirectMap4k:      456512 kB
DirectMap2M:    63506432 kB
DirectMap1G:    72351744 kB


/proc/sys/kernel/threads-max (system-wide limit on the number of threads):
1030815


/proc/sys/vm/max_map_count (maximum number of memory map areas a process may have):
65530


/proc/sys/kernel/pid_max (system-wide limit on number of process identifiers):
131072



container (cgroup) information:
container_type: cgroupv1
cpu_cpuset_cpus: 0-15
cpu_memory_nodes: 0
active_processor_count: 16
cpu_quota: -1
cpu_period: 100000
cpu_shares: -1
memory_limit_in_bytes: -1
memory_and_swap_limit_in_bytes: -2
memory_soft_limit_in_bytes: -1
memory_usage_in_bytes: 41088487424
memory_max_usage_in_bytes: 98187067392

VMWare virtualization detected
Steal ticks since vm start: 0
Steal ticks percentage since vm start:  0.000

CPU:total 16 (initial active 16) (1 cores per cpu, 1 threads per core) family 6 model 85 stepping 4, cmov, cx8, fxsr, mmx, sse, sse2, sse3, ssse3, sse4.1, sse4.2, popcnt, avx, avx2, aes, clmul, erms, 3dnowpref, lzcnt, tsc, tscinvbit, bmi1, bmi2, adx, fma
CPU Model and flags from /proc/cpuinfo:
model name	: Intel(R) Xeon(R) Gold 6136 CPU @ 3.00GHz
flags		: fpu vme de pse tsc msr pae mce cx8 apic sep mtrr pge mca cmov pat pse36 clflush dts mmx fxsr sse sse2 ss syscall nx pdpe1gb rdtscp lm constant_tsc arch_perfmon pebs bts nopl xtopology tsc_reliable nonstop_tsc cpuid pni pclmulqdq ssse3 fma cx16 pcid sse4_1 sse4_2 x2apic movbe popcnt tsc_deadline_timer aes xsave avx f16c rdrand hypervisor lahf_lm abm 3dnowprefetch cpuid_fault invpcid_single pti ssbd ibrs ibpb stibp fsgsbase tsc_adjust bmi1 avx2 smep bmi2 invpcid mpx avx512f avx512dq rdseed adx smap clflushopt clwb avx512cd avx512bw avx512vl xsaveopt xsavec xsaves arat pku ospke md_clear flush_l1d arch_capabilities

Memory: 4k page, physical 132007636k(7412444k free), swap 1998844k(1751060k free)

vm_info: OpenJDK 64-Bit Server VM (11.0.7+10-post-Ubuntu-2ubuntu218.04) for linux-amd64 JRE (11.0.7+10-post-Ubuntu-2ubuntu218.04), built on Apr 15 2020 21:12:54 by "unknown" with gcc 7.5.0

END.
