#
# There is insufficient memory for the Java Runtime Environment to continue.
# Native memory allocation (mmap) failed to map 10737418240 bytes for committing reserved memory.
# Possible reasons:
#   The system is out of physical RAM or swap space
#   The process is running with CompressedOops enabled, and the Java Heap may be blocking the growth of the native heap
# Possible solutions:
#   Reduce memory load on the system
#   Increase physical memory or swap space
#   Check if swap backing store is full
#   Decrease Java heap size (-Xmx/-Xms)
#   Decrease number of Java threads
#   Decrease Java thread stack sizes (-Xss)
#   Set larger code cache with -XX:ReservedCodeCacheSize=
# This output file may be truncated or incomplete.
#
#  Out of Memory Error (os_linux.cpp:2866), pid=33009, tid=33010
#
# JRE version:  (11.0.7+10) (build )
# Java VM: OpenJDK 64-Bit Server VM (11.0.7+10-post-Ubuntu-2ubuntu218.04, mixed mode, sharing, tiered, compressed oops, g1 gc, linux-amd64)
# Core dump will be written. Default location: Core dumps may be processed with "/usr/share/apport/apport %p %s %c %d %P %E" (or dumping to /root/the-one-transit/core.33009)
#

---------------  S U M M A R Y ------------

Command Line: -Xmx14000M -Xms10G -Xmx10G core.DTNSim -b 1 helsinki1True_settings.txt

Host: Intel(R) Xeon(R) Gold 6136 CPU @ 3.00GHz, 16 cores, 125G, Ubuntu 18.04.4 LTS
Time: Sat May 30 11:58:18 2020 UTC elapsed time: 0 seconds (0d 0h 0m 0s)

---------------  T H R E A D  ---------------

Current thread (0x00007ff5e4016000):  JavaThread "Unknown thread" [_thread_in_vm, id=33010, stack(0x00007ff5ee69b000,0x00007ff5ee79c000)]

Stack: [0x00007ff5ee69b000,0x00007ff5ee79c000],  sp=0x00007ff5ee79a220,  free space=1020k
Native frames: (J=compiled Java code, A=aot compiled Java code, j=interpreted, Vv=VM code, C=native code)
V  [libjvm.so+0xdf8009]
V  [libjvm.so+0xdf8c9b]
V  [libjvm.so+0x6514e5]
V  [libjvm.so+0xbcfd48]
V  [libjvm.so+0xbc739d]
V  [libjvm.so+0x77034f]
V  [libjvm.so+0x7705be]
V  [libjvm.so+0x77c630]
V  [libjvm.so+0x7f8339]
V  [libjvm.so+0x7f8f92]
V  [libjvm.so+0x7f93f9]
V  [libjvm.so+0x72ea4f]
V  [libjvm.so+0x72f13d]
V  [libjvm.so+0xdb2512]
V  [libjvm.so+0xdb27a6]
V  [libjvm.so+0x81c067]
V  [libjvm.so+0xd8971f]
V  [libjvm.so+0x8d5871]  JNI_CreateJavaVM+0x51
C  [libjli.so+0x4a66]
C  [libjli.so+0x92cd]


---------------  P R O C E S S  ---------------

Threads class SMR info:
_java_thread_list=0x0000558873e520a0, length=0, elements={
}

Java Threads: ( => current thread )

Other Threads:
  0x00007ff5e402f800 GCTaskThread "GC Thread#0" [stack: 0x00007ff5ea671000,0x00007ff5ea771000] [id=33011]
  0x00007ff5e4058000 ConcurrentGCThread "G1 Main Marker" [stack: 0x00007ff5e836c000,0x00007ff5e846c000] [id=33012]
  0x00007ff5e405a000 ConcurrentGCThread "G1 Conc#0" [stack: 0x00007ff5e826a000,0x00007ff5e836a000] [id=33013]

[error occurred during error reporting (printing all threads), id 0xb, SIGSEGV (0xb) at pc=0x00007ff5ecc5bd90]

VM state:not at safepoint (not fully initialized)

VM Mutex/Monitor currently owned by a thread:  ([mutex/lock_event])
[0x00007ff5e40127c0] Heap_lock - owner thread: 0x00007ff5e4016000

Heap address: 0x0000000580000000, size: 10240 MB, Compressed Oops mode: Non-zero based: 0x0000000580000000
Narrow klass base: 0x0000000000000000, Narrow klass shift: 0

GC Heap History (0 events):
No events

Deoptimization events (0 events):
No events

Classes redefined (0 events):
No events

Internal exceptions (0 events):
No events

Events (3 events):
Event: 0.001 Protecting memory [0x00007ff5ee69b000,0x00007ff5ee69f000] with protection modes 0
Event: 0.002 Loaded shared library /usr/lib/jvm/java-11-openjdk-amd64/lib/libzip.so
Event: 0.002 Loaded shared library /usr/lib/jvm/java-11-openjdk-amd64/lib/libjimage.so


Dynamic libraries:
558873372000-558873373000 r-xp 00000000 fd:01 657309                     /usr/lib/jvm/java-11-openjdk-amd64/bin/java
558873573000-558873574000 r--p 00001000 fd:01 657309                     /usr/lib/jvm/java-11-openjdk-amd64/bin/java
558873574000-558873575000 rw-p 00002000 fd:01 657309                     /usr/lib/jvm/java-11-openjdk-amd64/bin/java
558873e3a000-558873e5b000 rw-p 00000000 00:00 0                          [heap]
7ff5a4000000-7ff5a4021000 rw-p 00000000 00:00 0 
7ff5a4021000-7ff5a8000000 ---p 00000000 00:00 0 
7ff5aa000000-7ff5ac000000 rw-p 00000000 00:00 0 
7ff5ac000000-7ff5ac021000 rw-p 00000000 00:00 0 
7ff5ac021000-7ff5b0000000 ---p 00000000 00:00 0 
7ff5b15fe000-7ff5b1800000 rw-p 00000000 00:00 0 
7ff5b1800000-7ff5c8000000 ---p 00000000 00:00 0 
7ff5c8000000-7ff5c8021000 rw-p 00000000 00:00 0 
7ff5c8021000-7ff5cc000000 ---p 00000000 00:00 0 
7ff5cc004000-7ff5cc90d000 rw-p 00000000 00:00 0 
7ff5cc90d000-7ff5ccb7d000 rwxp 00000000 00:00 0 
7ff5ccb7d000-7ff5cd04c000 ---p 00000000 00:00 0 
7ff5cd04c000-7ff5cd2bc000 rwxp 00000000 00:00 0 
7ff5cd2bc000-7ff5d44ac000 ---p 00000000 00:00 0 
7ff5d44ac000-7ff5d471c000 rwxp 00000000 00:00 0 
7ff5d471c000-7ff5db90d000 ---p 00000000 00:00 0 
7ff5db90d000-7ff5e4000000 r--s 00000000 fd:01 657669                     /usr/lib/jvm/java-11-openjdk-amd64/lib/modules
7ff5e4000000-7ff5e409a000 rw-p 00000000 00:00 0 
7ff5e409a000-7ff5e8000000 ---p 00000000 00:00 0 
7ff5e8066000-7ff5e8268000 rw-p 00000000 00:00 0 
7ff5e8268000-7ff5e8269000 ---p 00000000 00:00 0 
7ff5e8269000-7ff5e836a000 rw-p 00000000 00:00 0 
7ff5e836a000-7ff5e836b000 ---p 00000000 00:00 0 
7ff5e836b000-7ff5e8562000 rw-p 00000000 00:00 0 
7ff5e8562000-7ff5e9962000 ---p 00000000 00:00 0 
7ff5e9962000-7ff5ea66f000 rw-p 00000000 00:00 0 
7ff5ea66f000-7ff5ea670000 ---p 00000000 00:00 0 
7ff5ea670000-7ff5ea776000 rw-p 00000000 00:00 0 
7ff5ea776000-7ff5ea85a000 ---p 00000000 00:00 0 
7ff5ea85a000-7ff5ea85f000 rw-p 00000000 00:00 0 
7ff5ea85f000-7ff5ea943000 ---p 00000000 00:00 0 
7ff5ea943000-7ff5ea948000 r-xp 00000000 fd:01 657650                     /usr/lib/jvm/java-11-openjdk-amd64/lib/libjimage.so
7ff5ea948000-7ff5eab47000 ---p 00005000 fd:01 657650                     /usr/lib/jvm/java-11-openjdk-amd64/lib/libjimage.so
7ff5eab47000-7ff5eab48000 r--p 00004000 fd:01 657650                     /usr/lib/jvm/java-11-openjdk-amd64/lib/libjimage.so
7ff5eab48000-7ff5eab49000 rw-p 00005000 fd:01 657650                     /usr/lib/jvm/java-11-openjdk-amd64/lib/libjimage.so
7ff5eab49000-7ff5eab50000 r-xp 00000000 fd:01 657668                     /usr/lib/jvm/java-11-openjdk-amd64/lib/libzip.so
7ff5eab50000-7ff5ead4f000 ---p 00007000 fd:01 657668                     /usr/lib/jvm/java-11-openjdk-amd64/lib/libzip.so
7ff5ead4f000-7ff5ead50000 r--p 00006000 fd:01 657668                     /usr/lib/jvm/java-11-openjdk-amd64/lib/libzip.so
7ff5ead50000-7ff5ead51000 rw-p 00007000 fd:01 657668                     /usr/lib/jvm/java-11-openjdk-amd64/lib/libzip.so
7ff5ead51000-7ff5ead5c000 r-xp 00000000 fd:01 654078                     /lib/x86_64-linux-gnu/libnss_files-2.27.so
7ff5ead5c000-7ff5eaf5b000 ---p 0000b000 fd:01 654078                     /lib/x86_64-linux-gnu/libnss_files-2.27.so
7ff5eaf5b000-7ff5eaf5c000 r--p 0000a000 fd:01 654078                     /lib/x86_64-linux-gnu/libnss_files-2.27.so
7ff5eaf5c000-7ff5eaf5d000 rw-p 0000b000 fd:01 654078                     /lib/x86_64-linux-gnu/libnss_files-2.27.so
7ff5eaf5d000-7ff5eaf63000 rw-p 00000000 00:00 0 
7ff5eaf63000-7ff5eaf7a000 r-xp 00000000 fd:01 654072                     /lib/x86_64-linux-gnu/libnsl-2.27.so
7ff5eaf7a000-7ff5eb179000 ---p 00017000 fd:01 654072                     /lib/x86_64-linux-gnu/libnsl-2.27.so
7ff5eb179000-7ff5eb17a000 r--p 00016000 fd:01 654072                     /lib/x86_64-linux-gnu/libnsl-2.27.so
7ff5eb17a000-7ff5eb17b000 rw-p 00017000 fd:01 654072                     /lib/x86_64-linux-gnu/libnsl-2.27.so
7ff5eb17b000-7ff5eb17d000 rw-p 00000000 00:00 0 
7ff5eb17d000-7ff5eb188000 r-xp 00000000 fd:01 654082                     /lib/x86_64-linux-gnu/libnss_nis-2.27.so
7ff5eb188000-7ff5eb387000 ---p 0000b000 fd:01 654082                     /lib/x86_64-linux-gnu/libnss_nis-2.27.so
7ff5eb387000-7ff5eb388000 r--p 0000a000 fd:01 654082                     /lib/x86_64-linux-gnu/libnss_nis-2.27.so
7ff5eb388000-7ff5eb389000 rw-p 0000b000 fd:01 654082                     /lib/x86_64-linux-gnu/libnss_nis-2.27.so
7ff5eb389000-7ff5eb391000 r-xp 00000000 fd:01 654074                     /lib/x86_64-linux-gnu/libnss_compat-2.27.so
7ff5eb391000-7ff5eb591000 ---p 00008000 fd:01 654074                     /lib/x86_64-linux-gnu/libnss_compat-2.27.so
7ff5eb591000-7ff5eb592000 r--p 00008000 fd:01 654074                     /lib/x86_64-linux-gnu/libnss_compat-2.27.so
7ff5eb592000-7ff5eb593000 rw-p 00009000 fd:01 654074                     /lib/x86_64-linux-gnu/libnss_compat-2.27.so
7ff5eb593000-7ff5eb5bc000 r-xp 00000000 fd:01 657646                     /usr/lib/jvm/java-11-openjdk-amd64/lib/libjava.so
7ff5eb5bc000-7ff5eb7bb000 ---p 00029000 fd:01 657646                     /usr/lib/jvm/java-11-openjdk-amd64/lib/libjava.so
7ff5eb7bb000-7ff5eb7bc000 r--p 00028000 fd:01 657646                     /usr/lib/jvm/java-11-openjdk-amd64/lib/libjava.so
7ff5eb7bc000-7ff5eb7be000 rw-p 00029000 fd:01 657646                     /usr/lib/jvm/java-11-openjdk-amd64/lib/libjava.so
7ff5eb7be000-7ff5eb7cb000 r-xp 00000000 fd:01 657667                     /usr/lib/jvm/java-11-openjdk-amd64/lib/libverify.so
7ff5eb7cb000-7ff5eb9ca000 ---p 0000d000 fd:01 657667                     /usr/lib/jvm/java-11-openjdk-amd64/lib/libverify.so
7ff5eb9ca000-7ff5eb9cc000 r--p 0000c000 fd:01 657667                     /usr/lib/jvm/java-11-openjdk-amd64/lib/libverify.so
7ff5eb9cc000-7ff5eb9cd000 rw-p 0000e000 fd:01 657667                     /usr/lib/jvm/java-11-openjdk-amd64/lib/libverify.so
7ff5eb9cd000-7ff5eb9d4000 r-xp 00000000 fd:01 654104                     /lib/x86_64-linux-gnu/librt-2.27.so
7ff5eb9d4000-7ff5ebbd3000 ---p 00007000 fd:01 654104                     /lib/x86_64-linux-gnu/librt-2.27.so
7ff5ebbd3000-7ff5ebbd4000 r--p 00006000 fd:01 654104                     /lib/x86_64-linux-gnu/librt-2.27.so
7ff5ebbd4000-7ff5ebbd5000 rw-p 00007000 fd:01 654104                     /lib/x86_64-linux-gnu/librt-2.27.so
7ff5ebbd5000-7ff5ebbec000 r-xp 00000000 fd:01 654044                     /lib/x86_64-linux-gnu/libgcc_s.so.1
7ff5ebbec000-7ff5ebdeb000 ---p 00017000 fd:01 654044                     /lib/x86_64-linux-gnu/libgcc_s.so.1
7ff5ebdeb000-7ff5ebdec000 r--p 00016000 fd:01 654044                     /lib/x86_64-linux-gnu/libgcc_s.so.1
7ff5ebdec000-7ff5ebded000 rw-p 00017000 fd:01 654044                     /lib/x86_64-linux-gnu/libgcc_s.so.1
7ff5ebded000-7ff5ebf8a000 r-xp 00000000 fd:01 654061                     /lib/x86_64-linux-gnu/libm-2.27.so
7ff5ebf8a000-7ff5ec189000 ---p 0019d000 fd:01 654061                     /lib/x86_64-linux-gnu/libm-2.27.so
7ff5ec189000-7ff5ec18a000 r--p 0019c000 fd:01 654061                     /lib/x86_64-linux-gnu/libm-2.27.so
7ff5ec18a000-7ff5ec18b000 rw-p 0019d000 fd:01 654061                     /lib/x86_64-linux-gnu/libm-2.27.so
7ff5ec18b000-7ff5ec304000 r-xp 00000000 fd:01 660170                     /usr/lib/x86_64-linux-gnu/libstdc++.so.6.0.25
7ff5ec304000-7ff5ec504000 ---p 00179000 fd:01 660170                     /usr/lib/x86_64-linux-gnu/libstdc++.so.6.0.25
7ff5ec504000-7ff5ec50e000 r--p 00179000 fd:01 660170                     /usr/lib/x86_64-linux-gnu/libstdc++.so.6.0.25
7ff5ec50e000-7ff5ec510000 rw-p 00183000 fd:01 660170                     /usr/lib/x86_64-linux-gnu/libstdc++.so.6.0.25
7ff5ec510000-7ff5ec514000 rw-p 00000000 00:00 0 
7ff5ec514000-7ff5ed5f1000 r-xp 00000000 fd:01 657681                     /usr/lib/jvm/java-11-openjdk-amd64/lib/server/libjvm.so
7ff5ed5f1000-7ff5ed7f0000 ---p 010dd000 fd:01 657681                     /usr/lib/jvm/java-11-openjdk-amd64/lib/server/libjvm.so
7ff5ed7f0000-7ff5ed8ad000 r--p 010dc000 fd:01 657681                     /usr/lib/jvm/java-11-openjdk-amd64/lib/server/libjvm.so
7ff5ed8ad000-7ff5ed8e7000 rw-p 01199000 fd:01 657681                     /usr/lib/jvm/java-11-openjdk-amd64/lib/server/libjvm.so
7ff5ed8e7000-7ff5ed93d000 rw-p 00000000 00:00 0 
7ff5ed93d000-7ff5ed957000 r-xp 00000000 fd:01 654098                     /lib/x86_64-linux-gnu/libpthread-2.27.so
7ff5ed957000-7ff5edb56000 ---p 0001a000 fd:01 654098                     /lib/x86_64-linux-gnu/libpthread-2.27.so
7ff5edb56000-7ff5edb57000 r--p 00019000 fd:01 654098                     /lib/x86_64-linux-gnu/libpthread-2.27.so
7ff5edb57000-7ff5edb58000 rw-p 0001a000 fd:01 654098                     /lib/x86_64-linux-gnu/libpthread-2.27.so
7ff5edb58000-7ff5edb5c000 rw-p 00000000 00:00 0 
7ff5edb5c000-7ff5edb5f000 r-xp 00000000 fd:01 654034                     /lib/x86_64-linux-gnu/libdl-2.27.so
7ff5edb5f000-7ff5edd5e000 ---p 00003000 fd:01 654034                     /lib/x86_64-linux-gnu/libdl-2.27.so
7ff5edd5e000-7ff5edd5f000 r--p 00002000 fd:01 654034                     /lib/x86_64-linux-gnu/libdl-2.27.so
7ff5edd5f000-7ff5edd60000 rw-p 00003000 fd:01 654034                     /lib/x86_64-linux-gnu/libdl-2.27.so
7ff5edd60000-7ff5edd7c000 r-xp 00000000 fd:01 654129                     /lib/x86_64-linux-gnu/libz.so.1.2.11
7ff5edd7c000-7ff5edf7b000 ---p 0001c000 fd:01 654129                     /lib/x86_64-linux-gnu/libz.so.1.2.11
7ff5edf7b000-7ff5edf7c000 r--p 0001b000 fd:01 654129                     /lib/x86_64-linux-gnu/libz.so.1.2.11
7ff5edf7c000-7ff5edf7d000 rw-p 0001c000 fd:01 654129                     /lib/x86_64-linux-gnu/libz.so.1.2.11
7ff5edf7d000-7ff5ee164000 r-xp 00000000 fd:01 654017                     /lib/x86_64-linux-gnu/libc-2.27.so
7ff5ee164000-7ff5ee364000 ---p 001e7000 fd:01 654017                     /lib/x86_64-linux-gnu/libc-2.27.so
7ff5ee364000-7ff5ee368000 r--p 001e7000 fd:01 654017                     /lib/x86_64-linux-gnu/libc-2.27.so
7ff5ee368000-7ff5ee36a000 rw-p 001eb000 fd:01 654017                     /lib/x86_64-linux-gnu/libc-2.27.so
7ff5ee36a000-7ff5ee36e000 rw-p 00000000 00:00 0 
7ff5ee36e000-7ff5ee37e000 r-xp 00000000 fd:01 657628                     /usr/lib/jvm/java-11-openjdk-amd64/lib/jli/libjli.so
7ff5ee37e000-7ff5ee57d000 ---p 00010000 fd:01 657628                     /usr/lib/jvm/java-11-openjdk-amd64/lib/jli/libjli.so
7ff5ee57d000-7ff5ee57e000 r--p 0000f000 fd:01 657628                     /usr/lib/jvm/java-11-openjdk-amd64/lib/jli/libjli.so
7ff5ee57e000-7ff5ee57f000 rw-p 00010000 fd:01 657628                     /usr/lib/jvm/java-11-openjdk-amd64/lib/jli/libjli.so
7ff5ee57f000-7ff5ee5a6000 r-xp 00000000 fd:01 653995                     /lib/x86_64-linux-gnu/ld-2.27.so
7ff5ee633000-7ff5ee689000 rw-p 00000000 00:00 0 
7ff5ee689000-7ff5ee693000 ---p 00000000 00:00 0 
7ff5ee693000-7ff5ee69b000 rw-s 00000000 fd:01 684789                     /tmp/hsperfdata_root/33009
7ff5ee69b000-7ff5ee69f000 ---p 00000000 00:00 0 
7ff5ee69f000-7ff5ee79e000 rw-p 00000000 00:00 0 
7ff5ee7a0000-7ff5ee7a2000 r--s 00007000 fd:01 663743                     /usr/share/java/java-atk-wrapper.jar
7ff5ee7a2000-7ff5ee7a3000 ---p 00000000 00:00 0 
7ff5ee7a3000-7ff5ee7a4000 r--p 00000000 00:00 0 
7ff5ee7a4000-7ff5ee7a6000 rw-p 00000000 00:00 0 
7ff5ee7a6000-7ff5ee7a7000 r--p 00027000 fd:01 653995                     /lib/x86_64-linux-gnu/ld-2.27.so
7ff5ee7a7000-7ff5ee7a8000 rw-p 00028000 fd:01 653995                     /lib/x86_64-linux-gnu/ld-2.27.so
7ff5ee7a8000-7ff5ee7a9000 rw-p 00000000 00:00 0 
7ffcd7af5000-7ffcd7b16000 rw-p 00000000 00:00 0                          [stack]
7ffcd7bd5000-7ffcd7bd8000 r--p 00000000 00:00 0                          [vvar]
7ffcd7bd8000-7ffcd7bda000 r-xp 00000000 00:00 0                          [vdso]
ffffffffff600000-ffffffffff601000 r-xp 00000000 00:00 0                  [vsyscall]


VM Arguments:
jvm_args: -Xmx14000M -Xms10G -Xmx10G 
java_command: core.DTNSim -b 1 helsinki1True_settings.txt
java_class_path (initial): target:lib/ECLA.jar:lib/DTNConsoleConnection.jar
Launcher Type: SUN_STANDARD

[Global flags]
     intx CICompilerCount                          = 12                                        {product} {ergonomic}
     uint ConcGCThreads                            = 3                                         {product} {ergonomic}
     uint G1ConcRefinementThreads                  = 13                                        {product} {ergonomic}
   size_t G1HeapRegionSize                         = 4194304                                   {product} {ergonomic}
    uintx GCDrainStackTargetSize                   = 64                                        {product} {ergonomic}
   size_t InitialHeapSize                          = 10737418240                               {product} {command line}
   size_t MarkStackSize                            = 4194304                                   {product} {ergonomic}
   size_t MaxHeapSize                              = 10737418240                               {product} {command line}
   size_t MinHeapDeltaBytes                        = 4194304                                   {product} {ergonomic}
    uintx NonNMethodCodeHeapSize                   = 7594288                                {pd product} {ergonomic}
    uintx NonProfiledCodeHeapSize                  = 122031976                              {pd product} {ergonomic}
    uintx ProfiledCodeHeapSize                     = 122031976                              {pd product} {ergonomic}
    uintx ReservedCodeCacheSize                    = 251658240                              {pd product} {ergonomic}
     bool SegmentedCodeCache                       = true                                      {product} {ergonomic}
     bool UseCompressedClassPointers               = true                                 {lp64_product} {ergonomic}
     bool UseCompressedOops                        = true                                 {lp64_product} {ergonomic}
     bool UseG1GC                                  = true                                      {product} {ergonomic}

Logging:
Log output configuration:
 #0: stdout all=warning uptime,level,tags
 #1: stderr all=off uptime,level,tags

Environment Variables:
_JAVA_OPTIONS=-Xms10G -Xmx10G
PATH=/usr/local/sbin:/usr/local/bin:/usr/sbin:/usr/bin:/sbin:/bin
SHELL=/bin/bash

Signal Handlers:
SIGSEGV: [libjvm.so+0xdf8d00], sa_mask[0]=11111111011111111101111111111110, sa_flags=SA_RESTART|SA_SIGINFO
SIGBUS: [libjvm.so+0xdf8d00], sa_mask[0]=11111111011111111101111111111110, sa_flags=SA_RESTART|SA_SIGINFO
SIGFPE: [libjvm.so+0xdf8d00], sa_mask[0]=11111111011111111101111111111110, sa_flags=SA_RESTART|SA_SIGINFO
SIGPIPE: [libjvm.so+0xbcbc30], sa_mask[0]=11111111011111111101111111111110, sa_flags=SA_RESTART|SA_SIGINFO
SIGXFSZ: [libjvm.so+0xbcbc30], sa_mask[0]=11111111011111111101111111111110, sa_flags=SA_RESTART|SA_SIGINFO
SIGILL: [libjvm.so+0xdf8d00], sa_mask[0]=11111111011111111101111111111110, sa_flags=SA_RESTART|SA_SIGINFO
SIGUSR2: [libjvm.so+0xbcbad0], sa_mask[0]=00000000000000000000000000000000, sa_flags=SA_RESTART|SA_SIGINFO
SIGHUP: SIG_DFL, sa_mask[0]=00000000000000000000000000000000, sa_flags=none
SIGINT: SIG_DFL, sa_mask[0]=00000000000000000000000000000000, sa_flags=none
SIGTERM: SIG_DFL, sa_mask[0]=00000000000000000000000000000000, sa_flags=none
SIGQUIT: SIG_DFL, sa_mask[0]=00000000000000000000000000000000, sa_flags=none


---------------  S Y S T E M  ---------------

OS:DISTRIB_ID=Ubuntu
DISTRIB_RELEASE=18.04
DISTRIB_CODENAME=bionic
DISTRIB_DESCRIPTION="Ubuntu 18.04.4 LTS"
uname:Linux 4.15.0-99-generic #100-Ubuntu SMP Wed Apr 22 20:32:56 UTC 2020 x86_64
OS uptime: 2 days 5:37 hours
libc:glibc 2.27 NPTL 2.27 
rlimit: STACK 8192k, CORE infinity, NPROC infinity, NOFILE 1048576, AS infinity, CPU infinity, DATA infinity, FSIZE infinity
load average:10.76 10.68 10.16

/proc/meminfo:
MemTotal:       132007636 kB
MemFree:         7384896 kB
MemAvailable:    6664976 kB
Buffers:           14344 kB
Cached:           134684 kB
SwapCached:        40632 kB
Active:         121610572 kB
Inactive:        2251316 kB
Active(anon):   121543796 kB
Inactive(anon):  2168920 kB
Active(file):      66776 kB
Inactive(file):    82396 kB
Unevictable:           0 kB
Mlocked:               0 kB
SwapTotal:       1998844 kB
SwapFree:        1751060 kB
Dirty:              7944 kB
Writeback:             0 kB
AnonPages:      123679208 kB
Mapped:            74100 kB
Shmem:                 4 kB
Slab:             277668 kB
SReclaimable:     104728 kB
SUnreclaim:       172940 kB
KernelStack:       12672 kB
PageTables:       257488 kB
NFS_Unstable:          0 kB
Bounce:                0 kB
WritebackTmp:          0 kB
CommitLimit:    68002660 kB
Committed_AS:   154515868 kB
VmallocTotal:   34359738367 kB
VmallocUsed:           0 kB
VmallocChunk:          0 kB
HardwareCorrupted:     0 kB
AnonHugePages:         0 kB
ShmemHugePages:        0 kB
ShmemPmdMapped:        0 kB
CmaTotal:              0 kB
CmaFree:               0 kB
HugePages_Total:       0
HugePages_Free:        0
HugePages_Rsvd:        0
HugePages_Surp:        0
Hugepagesize:       2048 kB
DirectMap4k:      456512 kB
DirectMap2M:    63506432 kB
DirectMap1G:    72351744 kB


/proc/sys/kernel/threads-max (system-wide limit on the number of threads):
1030815


/proc/sys/vm/max_map_count (maximum number of memory map areas a process may have):
65530


/proc/sys/kernel/pid_max (system-wide limit on number of process identifiers):
131072



container (cgroup) information:
container_type: cgroupv1
cpu_cpuset_cpus: 0-15
cpu_memory_nodes: 0
active_processor_count: 16
cpu_quota: -1
cpu_period: 100000
cpu_shares: -1
memory_limit_in_bytes: -1
memory_and_swap_limit_in_bytes: -2
memory_soft_limit_in_bytes: -1
memory_usage_in_bytes: 41089667072
memory_max_usage_in_bytes: 98187067392

VMWare virtualization detected
Steal ticks since vm start: 0
Steal ticks percentage since vm start:  0.000

CPU:total 16 (initial active 16) (1 cores per cpu, 1 threads per core) family 6 model 85 stepping 4, cmov, cx8, fxsr, mmx, sse, sse2, sse3, ssse3, sse4.1, sse4.2, popcnt, avx, avx2, aes, clmul, erms, 3dnowpref, lzcnt, tsc, tscinvbit, bmi1, bmi2, adx, fma
CPU Model and flags from /proc/cpuinfo:
model name	: Intel(R) Xeon(R) Gold 6136 CPU @ 3.00GHz
flags		: fpu vme de pse tsc msr pae mce cx8 apic sep mtrr pge mca cmov pat pse36 clflush dts mmx fxsr sse sse2 ss syscall nx pdpe1gb rdtscp lm constant_tsc arch_perfmon pebs bts nopl xtopology tsc_reliable nonstop_tsc cpuid pni pclmulqdq ssse3 fma cx16 pcid sse4_1 sse4_2 x2apic movbe popcnt tsc_deadline_timer aes xsave avx f16c rdrand hypervisor lahf_lm abm 3dnowprefetch cpuid_fault invpcid_single pti ssbd ibrs ibpb stibp fsgsbase tsc_adjust bmi1 avx2 smep bmi2 invpcid mpx avx512f avx512dq rdseed adx smap clflushopt clwb avx512cd avx512bw avx512vl xsaveopt xsavec xsaves arat pku ospke md_clear flush_l1d arch_capabilities

Memory: 4k page, physical 132007636k(7384896k free), swap 1998844k(1751060k free)

vm_info: OpenJDK 64-Bit Server VM (11.0.7+10-post-Ubuntu-2ubuntu218.04) for linux-amd64 JRE (11.0.7+10-post-Ubuntu-2ubuntu218.04), built on Apr 15 2020 21:12:54 by "unknown" with gcc 7.5.0

END.
