#
# There is insufficient memory for the Java Runtime Environment to continue.
# Native memory allocation (mmap) failed to map 10737418240 bytes for committing reserved memory.
# Possible reasons:
#   The system is out of physical RAM or swap space
#   The process is running with CompressedOops enabled, and the Java Heap may be blocking the growth of the native heap
# Possible solutions:
#   Reduce memory load on the system
#   Increase physical memory or swap space
#   Check if swap backing store is full
#   Decrease Java heap size (-Xmx/-Xms)
#   Decrease number of Java threads
#   Decrease Java thread stack sizes (-Xss)
#   Set larger code cache with -XX:ReservedCodeCacheSize=
# This output file may be truncated or incomplete.
#
#  Out of Memory Error (os_linux.cpp:2866), pid=32901, tid=32902
#
# JRE version:  (11.0.7+10) (build )
# Java VM: OpenJDK 64-Bit Server VM (11.0.7+10-post-Ubuntu-2ubuntu218.04, mixed mode, sharing, tiered, compressed oops, g1 gc, linux-amd64)
# Core dump will be written. Default location: Core dumps may be processed with "/usr/share/apport/apport %p %s %c %d %P %E" (or dumping to /root/the-one-transit/core.32901)
#

---------------  S U M M A R Y ------------

Command Line: -Xmx14000M -Xms10G -Xmx10G core.DTNSim -b 1 helsinki1True_settings.txt

Host: Intel(R) Xeon(R) Gold 6136 CPU @ 3.00GHz, 16 cores, 125G, Ubuntu 18.04.4 LTS
Time: Sat May 30 11:58:17 2020 UTC elapsed time: 0 seconds (0d 0h 0m 0s)

---------------  T H R E A D  ---------------

Current thread (0x00007f87d0016000):  JavaThread "Unknown thread" [_thread_in_vm, id=32902, stack(0x00007f87d7395000,0x00007f87d7496000)]

Stack: [0x00007f87d7395000,0x00007f87d7496000],  sp=0x00007f87d7494220,  free space=1020k
Native frames: (J=compiled Java code, A=aot compiled Java code, j=interpreted, Vv=VM code, C=native code)
V  [libjvm.so+0xdf8009]
V  [libjvm.so+0xdf8c9b]
V  [libjvm.so+0x6514e5]
V  [libjvm.so+0xbcfd48]
V  [libjvm.so+0xbc739d]
V  [libjvm.so+0x77034f]
V  [libjvm.so+0x7705be]
V  [libjvm.so+0x77c630]
V  [libjvm.so+0x7f8339]
V  [libjvm.so+0x7f8f92]
V  [libjvm.so+0x7f93f9]
V  [libjvm.so+0x72ea4f]
V  [libjvm.so+0x72f13d]
V  [libjvm.so+0xdb2512]
V  [libjvm.so+0xdb27a6]
V  [libjvm.so+0x81c067]
V  [libjvm.so+0xd8971f]
V  [libjvm.so+0x8d5871]  JNI_CreateJavaVM+0x51
C  [libjli.so+0x4a66]
C  [libjli.so+0x92cd]


---------------  P R O C E S S  ---------------

Threads class SMR info:
_java_thread_list=0x000055fb4016c0a0, length=0, elements={
}

Java Threads: ( => current thread )

Other Threads:
  0x00007f87d002f800 GCTaskThread "GC Thread#0" [stack: 0x00007f87b7bf5000,0x00007f87b7cf5000] [id=32903]
  0x00007f87d0058000 ConcurrentGCThread "G1 Main Marker" [stack: 0x00007f87b44f0000,0x00007f87b45f0000] [id=32904]
  0x00007f87d005a000 ConcurrentGCThread "G1 Conc#0" [stack: 0x00007f87b43ee000,0x00007f87b44ee000] [id=32905]

[error occurred during error reporting (printing all threads), id 0xb, SIGSEGV (0xb) at pc=0x00007f87d5955d90]

VM state:not at safepoint (not fully initialized)

VM Mutex/Monitor currently owned by a thread:  ([mutex/lock_event])
[0x00007f87d00127c0] Heap_lock - owner thread: 0x00007f87d0016000

Heap address: 0x0000000580000000, size: 10240 MB, Compressed Oops mode: Non-zero based: 0x0000000580000000
Narrow klass base: 0x0000000000000000, Narrow klass shift: 0

GC Heap History (0 events):
No events

Deoptimization events (0 events):
No events

Classes redefined (0 events):
No events

Internal exceptions (0 events):
No events

Events (3 events):
Event: 0.001 Protecting memory [0x00007f87d7395000,0x00007f87d7399000] with protection modes 0
Event: 0.002 Loaded shared library /usr/lib/jvm/java-11-openjdk-amd64/lib/libzip.so
Event: 0.002 Loaded shared library /usr/lib/jvm/java-11-openjdk-amd64/lib/libjimage.so


Dynamic libraries:
55fb3ed77000-55fb3ed78000 r-xp 00000000 fd:01 657309                     /usr/lib/jvm/java-11-openjdk-amd64/bin/java
55fb3ef78000-55fb3ef79000 r--p 00001000 fd:01 657309                     /usr/lib/jvm/java-11-openjdk-amd64/bin/java
55fb3ef79000-55fb3ef7a000 rw-p 00002000 fd:01 657309                     /usr/lib/jvm/java-11-openjdk-amd64/bin/java
55fb40154000-55fb40175000 rw-p 00000000 00:00 0                          [heap]
7f878c000000-7f878c021000 rw-p 00000000 00:00 0 
7f878c021000-7f8790000000 ---p 00000000 00:00 0 
7f8794000000-7f8794021000 rw-p 00000000 00:00 0 
7f8794021000-7f8798000000 ---p 00000000 00:00 0 
7f87981f6000-7f879ac00000 rw-p 00000000 00:00 0 
7f879ac00000-7f87b0000000 ---p 00000000 00:00 0 
7f87b0000000-7f87b0021000 rw-p 00000000 00:00 0 
7f87b0021000-7f87b4000000 ---p 00000000 00:00 0 
7f87b40e9000-7f87b43ec000 rw-p 00000000 00:00 0 
7f87b43ec000-7f87b43ed000 ---p 00000000 00:00 0 
7f87b43ed000-7f87b44ee000 rw-p 00000000 00:00 0 
7f87b44ee000-7f87b44ef000 ---p 00000000 00:00 0 
7f87b44ef000-7f87b46e6000 rw-p 00000000 00:00 0 
7f87b46e6000-7f87b6ee6000 ---p 00000000 00:00 0 
7f87b6ee6000-7f87b7bf3000 rw-p 00000000 00:00 0 
7f87b7bf3000-7f87b7bf4000 ---p 00000000 00:00 0 
7f87b7bf4000-7f87b7cfa000 rw-p 00000000 00:00 0 
7f87b7cfa000-7f87b7dde000 ---p 00000000 00:00 0 
7f87b7dde000-7f87b7de3000 rw-p 00000000 00:00 0 
7f87b7de3000-7f87b7ec7000 ---p 00000000 00:00 0 
7f87b7ec7000-7f87b8137000 rwxp 00000000 00:00 0 
7f87b8137000-7f87b8606000 ---p 00000000 00:00 0 
7f87b8606000-7f87b8876000 rwxp 00000000 00:00 0 
7f87b8876000-7f87bfa66000 ---p 00000000 00:00 0 
7f87bfa66000-7f87bfcd6000 rwxp 00000000 00:00 0 
7f87bfcd6000-7f87c6ec7000 ---p 00000000 00:00 0 
7f87c6ec7000-7f87cf5ba000 r--s 00000000 fd:01 657669                     /usr/lib/jvm/java-11-openjdk-amd64/lib/modules
7f87cf5ba000-7f87cf5bf000 r-xp 00000000 fd:01 657650                     /usr/lib/jvm/java-11-openjdk-amd64/lib/libjimage.so
7f87cf5bf000-7f87cf7be000 ---p 00005000 fd:01 657650                     /usr/lib/jvm/java-11-openjdk-amd64/lib/libjimage.so
7f87cf7be000-7f87cf7bf000 r--p 00004000 fd:01 657650                     /usr/lib/jvm/java-11-openjdk-amd64/lib/libjimage.so
7f87cf7bf000-7f87cf7c0000 rw-p 00005000 fd:01 657650                     /usr/lib/jvm/java-11-openjdk-amd64/lib/libjimage.so
7f87cf7c0000-7f87cf7c7000 r-xp 00000000 fd:01 657668                     /usr/lib/jvm/java-11-openjdk-amd64/lib/libzip.so
7f87cf7c7000-7f87cf9c6000 ---p 00007000 fd:01 657668                     /usr/lib/jvm/java-11-openjdk-amd64/lib/libzip.so
7f87cf9c6000-7f87cf9c7000 r--p 00006000 fd:01 657668                     /usr/lib/jvm/java-11-openjdk-amd64/lib/libzip.so
7f87cf9c7000-7f87cf9c8000 rw-p 00007000 fd:01 657668                     /usr/lib/jvm/java-11-openjdk-amd64/lib/libzip.so
7f87cf9c8000-7f87cf9d3000 r-xp 00000000 fd:01 654078                     /lib/x86_64-linux-gnu/libnss_files-2.27.so
7f87cf9d3000-7f87cfbd2000 ---p 0000b000 fd:01 654078                     /lib/x86_64-linux-gnu/libnss_files-2.27.so
7f87cfbd2000-7f87cfbd3000 r--p 0000a000 fd:01 654078                     /lib/x86_64-linux-gnu/libnss_files-2.27.so
7f87cfbd3000-7f87cfbd4000 rw-p 0000b000 fd:01 654078                     /lib/x86_64-linux-gnu/libnss_files-2.27.so
7f87cfbd4000-7f87cfbda000 rw-p 00000000 00:00 0 
7f87cfbda000-7f87cfbf1000 r-xp 00000000 fd:01 654072                     /lib/x86_64-linux-gnu/libnsl-2.27.so
7f87cfbf1000-7f87cfdf0000 ---p 00017000 fd:01 654072                     /lib/x86_64-linux-gnu/libnsl-2.27.so
7f87cfdf0000-7f87cfdf1000 r--p 00016000 fd:01 654072                     /lib/x86_64-linux-gnu/libnsl-2.27.so
7f87cfdf1000-7f87cfdf2000 rw-p 00017000 fd:01 654072                     /lib/x86_64-linux-gnu/libnsl-2.27.so
7f87cfdf2000-7f87cfdf4000 rw-p 00000000 00:00 0 
7f87cfdf4000-7f87cfdff000 r-xp 00000000 fd:01 654082                     /lib/x86_64-linux-gnu/libnss_nis-2.27.so
7f87cfdff000-7f87cfffe000 ---p 0000b000 fd:01 654082                     /lib/x86_64-linux-gnu/libnss_nis-2.27.so
7f87cfffe000-7f87cffff000 r--p 0000a000 fd:01 654082                     /lib/x86_64-linux-gnu/libnss_nis-2.27.so
7f87cffff000-7f87d0000000 rw-p 0000b000 fd:01 654082                     /lib/x86_64-linux-gnu/libnss_nis-2.27.so
7f87d0000000-7f87d009a000 rw-p 00000000 00:00 0 
7f87d009a000-7f87d4000000 ---p 00000000 00:00 0 
7f87d4083000-7f87d408b000 r-xp 00000000 fd:01 654074                     /lib/x86_64-linux-gnu/libnss_compat-2.27.so
7f87d408b000-7f87d428b000 ---p 00008000 fd:01 654074                     /lib/x86_64-linux-gnu/libnss_compat-2.27.so
7f87d428b000-7f87d428c000 r--p 00008000 fd:01 654074                     /lib/x86_64-linux-gnu/libnss_compat-2.27.so
7f87d428c000-7f87d428d000 rw-p 00009000 fd:01 654074                     /lib/x86_64-linux-gnu/libnss_compat-2.27.so
7f87d428d000-7f87d42b6000 r-xp 00000000 fd:01 657646                     /usr/lib/jvm/java-11-openjdk-amd64/lib/libjava.so
7f87d42b6000-7f87d44b5000 ---p 00029000 fd:01 657646                     /usr/lib/jvm/java-11-openjdk-amd64/lib/libjava.so
7f87d44b5000-7f87d44b6000 r--p 00028000 fd:01 657646                     /usr/lib/jvm/java-11-openjdk-amd64/lib/libjava.so
7f87d44b6000-7f87d44b8000 rw-p 00029000 fd:01 657646                     /usr/lib/jvm/java-11-openjdk-amd64/lib/libjava.so
7f87d44b8000-7f87d44c5000 r-xp 00000000 fd:01 657667                     /usr/lib/jvm/java-11-openjdk-amd64/lib/libverify.so
7f87d44c5000-7f87d46c4000 ---p 0000d000 fd:01 657667                     /usr/lib/jvm/java-11-openjdk-amd64/lib/libverify.so
7f87d46c4000-7f87d46c6000 r--p 0000c000 fd:01 657667                     /usr/lib/jvm/java-11-openjdk-amd64/lib/libverify.so
7f87d46c6000-7f87d46c7000 rw-p 0000e000 fd:01 657667                     /usr/lib/jvm/java-11-openjdk-amd64/lib/libverify.so
7f87d46c7000-7f87d46ce000 r-xp 00000000 fd:01 654104                     /lib/x86_64-linux-gnu/librt-2.27.so
7f87d46ce000-7f87d48cd000 ---p 00007000 fd:01 654104                     /lib/x86_64-linux-gnu/librt-2.27.so
7f87d48cd000-7f87d48ce000 r--p 00006000 fd:01 654104                     /lib/x86_64-linux-gnu/librt-2.27.so
7f87d48ce000-7f87d48cf000 rw-p 00007000 fd:01 654104                     /lib/x86_64-linux-gnu/librt-2.27.so
7f87d48cf000-7f87d48e6000 r-xp 00000000 fd:01 654044                     /lib/x86_64-linux-gnu/libgcc_s.so.1
7f87d48e6000-7f87d4ae5000 ---p 00017000 fd:01 654044                     /lib/x86_64-linux-gnu/libgcc_s.so.1
7f87d4ae5000-7f87d4ae6000 r--p 00016000 fd:01 654044                     /lib/x86_64-linux-gnu/libgcc_s.so.1
7f87d4ae6000-7f87d4ae7000 rw-p 00017000 fd:01 654044                     /lib/x86_64-linux-gnu/libgcc_s.so.1
7f87d4ae7000-7f87d4c84000 r-xp 00000000 fd:01 654061                     /lib/x86_64-linux-gnu/libm-2.27.so
7f87d4c84000-7f87d4e83000 ---p 0019d000 fd:01 654061                     /lib/x86_64-linux-gnu/libm-2.27.so
7f87d4e83000-7f87d4e84000 r--p 0019c000 fd:01 654061                     /lib/x86_64-linux-gnu/libm-2.27.so
7f87d4e84000-7f87d4e85000 rw-p 0019d000 fd:01 654061                     /lib/x86_64-linux-gnu/libm-2.27.so
7f87d4e85000-7f87d4ffe000 r-xp 00000000 fd:01 660170                     /usr/lib/x86_64-linux-gnu/libstdc++.so.6.0.25
7f87d4ffe000-7f87d51fe000 ---p 00179000 fd:01 660170                     /usr/lib/x86_64-linux-gnu/libstdc++.so.6.0.25
7f87d51fe000-7f87d5208000 r--p 00179000 fd:01 660170                     /usr/lib/x86_64-linux-gnu/libstdc++.so.6.0.25
7f87d5208000-7f87d520a000 rw-p 00183000 fd:01 660170                     /usr/lib/x86_64-linux-gnu/libstdc++.so.6.0.25
7f87d520a000-7f87d520e000 rw-p 00000000 00:00 0 
7f87d520e000-7f87d62eb000 r-xp 00000000 fd:01 657681                     /usr/lib/jvm/java-11-openjdk-amd64/lib/server/libjvm.so
7f87d62eb000-7f87d64ea000 ---p 010dd000 fd:01 657681                     /usr/lib/jvm/java-11-openjdk-amd64/lib/server/libjvm.so
7f87d64ea000-7f87d65a7000 r--p 010dc000 fd:01 657681                     /usr/lib/jvm/java-11-openjdk-amd64/lib/server/libjvm.so
7f87d65a7000-7f87d65e1000 rw-p 01199000 fd:01 657681                     /usr/lib/jvm/java-11-openjdk-amd64/lib/server/libjvm.so
7f87d65e1000-7f87d6637000 rw-p 00000000 00:00 0 
7f87d6637000-7f87d6651000 r-xp 00000000 fd:01 654098                     /lib/x86_64-linux-gnu/libpthread-2.27.so
7f87d6651000-7f87d6850000 ---p 0001a000 fd:01 654098                     /lib/x86_64-linux-gnu/libpthread-2.27.so
7f87d6850000-7f87d6851000 r--p 00019000 fd:01 654098                     /lib/x86_64-linux-gnu/libpthread-2.27.so
7f87d6851000-7f87d6852000 rw-p 0001a000 fd:01 654098                     /lib/x86_64-linux-gnu/libpthread-2.27.so
7f87d6852000-7f87d6856000 rw-p 00000000 00:00 0 
7f87d6856000-7f87d6859000 r-xp 00000000 fd:01 654034                     /lib/x86_64-linux-gnu/libdl-2.27.so
7f87d6859000-7f87d6a58000 ---p 00003000 fd:01 654034                     /lib/x86_64-linux-gnu/libdl-2.27.so
7f87d6a58000-7f87d6a59000 r--p 00002000 fd:01 654034                     /lib/x86_64-linux-gnu/libdl-2.27.so
7f87d6a59000-7f87d6a5a000 rw-p 00003000 fd:01 654034                     /lib/x86_64-linux-gnu/libdl-2.27.so
7f87d6a5a000-7f87d6a76000 r-xp 00000000 fd:01 654129                     /lib/x86_64-linux-gnu/libz.so.1.2.11
7f87d6a76000-7f87d6c75000 ---p 0001c000 fd:01 654129                     /lib/x86_64-linux-gnu/libz.so.1.2.11
7f87d6c75000-7f87d6c76000 r--p 0001b000 fd:01 654129                     /lib/x86_64-linux-gnu/libz.so.1.2.11
7f87d6c76000-7f87d6c77000 rw-p 0001c000 fd:01 654129                     /lib/x86_64-linux-gnu/libz.so.1.2.11
7f87d6c77000-7f87d6e5e000 r-xp 00000000 fd:01 654017                     /lib/x86_64-linux-gnu/libc-2.27.so
7f87d6e5e000-7f87d705e000 ---p 001e7000 fd:01 654017                     /lib/x86_64-linux-gnu/libc-2.27.so
7f87d705e000-7f87d7062000 r--p 001e7000 fd:01 654017                     /lib/x86_64-linux-gnu/libc-2.27.so
7f87d7062000-7f87d7064000 rw-p 001eb000 fd:01 654017                     /lib/x86_64-linux-gnu/libc-2.27.so
7f87d7064000-7f87d7068000 rw-p 00000000 00:00 0 
7f87d7068000-7f87d7078000 r-xp 00000000 fd:01 657628                     /usr/lib/jvm/java-11-openjdk-amd64/lib/jli/libjli.so
7f87d7078000-7f87d7277000 ---p 00010000 fd:01 657628                     /usr/lib/jvm/java-11-openjdk-amd64/lib/jli/libjli.so
7f87d7277000-7f87d7278000 r--p 0000f000 fd:01 657628                     /usr/lib/jvm/java-11-openjdk-amd64/lib/jli/libjli.so
7f87d7278000-7f87d7279000 rw-p 00010000 fd:01 657628                     /usr/lib/jvm/java-11-openjdk-amd64/lib/jli/libjli.so
7f87d7279000-7f87d72a0000 r-xp 00000000 fd:01 653995                     /lib/x86_64-linux-gnu/ld-2.27.so
7f87d732d000-7f87d7383000 rw-p 00000000 00:00 0 
7f87d7383000-7f87d738d000 ---p 00000000 00:00 0 
7f87d738d000-7f87d7395000 rw-s 00000000 fd:01 684754                     /tmp/hsperfdata_root/32901
7f87d7395000-7f87d7399000 ---p 00000000 00:00 0 
7f87d7399000-7f87d7498000 rw-p 00000000 00:00 0 
7f87d749a000-7f87d749c000 r--s 00007000 fd:01 663743                     /usr/share/java/java-atk-wrapper.jar
7f87d749c000-7f87d749d000 ---p 00000000 00:00 0 
7f87d749d000-7f87d749e000 r--p 00000000 00:00 0 
7f87d749e000-7f87d74a0000 rw-p 00000000 00:00 0 
7f87d74a0000-7f87d74a1000 r--p 00027000 fd:01 653995                     /lib/x86_64-linux-gnu/ld-2.27.so
7f87d74a1000-7f87d74a2000 rw-p 00028000 fd:01 653995                     /lib/x86_64-linux-gnu/ld-2.27.so
7f87d74a2000-7f87d74a3000 rw-p 00000000 00:00 0 
7ffc21e74000-7ffc21e95000 rw-p 00000000 00:00 0                          [stack]
7ffc21f29000-7ffc21f2c000 r--p 00000000 00:00 0                          [vvar]
7ffc21f2c000-7ffc21f2e000 r-xp 00000000 00:00 0                          [vdso]
ffffffffff600000-ffffffffff601000 r-xp 00000000 00:00 0                  [vsyscall]


VM Arguments:
jvm_args: -Xmx14000M -Xms10G -Xmx10G 
java_command: core.DTNSim -b 1 helsinki1True_settings.txt
java_class_path (initial): target:lib/ECLA.jar:lib/DTNConsoleConnection.jar
Launcher Type: SUN_STANDARD

[Global flags]
     intx CICompilerCount                          = 12                                        {product} {ergonomic}
     uint ConcGCThreads                            = 3                                         {product} {ergonomic}
     uint G1ConcRefinementThreads                  = 13                                        {product} {ergonomic}
   size_t G1HeapRegionSize                         = 4194304                                   {product} {ergonomic}
    uintx GCDrainStackTargetSize                   = 64                                        {product} {ergonomic}
   size_t InitialHeapSize                          = 10737418240                               {product} {command line}
   size_t MarkStackSize                            = 4194304                                   {product} {ergonomic}
   size_t MaxHeapSize                              = 10737418240                               {product} {command line}
   size_t MinHeapDeltaBytes                        = 4194304                                   {product} {ergonomic}
    uintx NonNMethodCodeHeapSize                   = 7594288                                {pd product} {ergonomic}
    uintx NonProfiledCodeHeapSize                  = 122031976                              {pd product} {ergonomic}
    uintx ProfiledCodeHeapSize                     = 122031976                              {pd product} {ergonomic}
    uintx ReservedCodeCacheSize                    = 251658240                              {pd product} {ergonomic}
     bool SegmentedCodeCache                       = true                                      {product} {ergonomic}
     bool UseCompressedClassPointers               = true                                 {lp64_product} {ergonomic}
     bool UseCompressedOops                        = true                                 {lp64_product} {ergonomic}
     bool UseG1GC                                  = true                                      {product} {ergonomic}

Logging:
Log output configuration:
 #0: stdout all=warning uptime,level,tags
 #1: stderr all=off uptime,level,tags

Environment Variables:
_JAVA_OPTIONS=-Xms10G -Xmx10G
PATH=/usr/local/sbin:/usr/local/bin:/usr/sbin:/usr/bin:/sbin:/bin
SHELL=/bin/bash

Signal Handlers:
SIGSEGV: [libjvm.so+0xdf8d00], sa_mask[0]=11111111011111111101111111111110, sa_flags=SA_RESTART|SA_SIGINFO
SIGBUS: [libjvm.so+0xdf8d00], sa_mask[0]=11111111011111111101111111111110, sa_flags=SA_RESTART|SA_SIGINFO
SIGFPE: [libjvm.so+0xdf8d00], sa_mask[0]=11111111011111111101111111111110, sa_flags=SA_RESTART|SA_SIGINFO
SIGPIPE: [libjvm.so+0xbcbc30], sa_mask[0]=11111111011111111101111111111110, sa_flags=SA_RESTART|SA_SIGINFO
SIGXFSZ: [libjvm.so+0xbcbc30], sa_mask[0]=11111111011111111101111111111110, sa_flags=SA_RESTART|SA_SIGINFO
SIGILL: [libjvm.so+0xdf8d00], sa_mask[0]=11111111011111111101111111111110, sa_flags=SA_RESTART|SA_SIGINFO
SIGUSR2: [libjvm.so+0xbcbad0], sa_mask[0]=00000000000000000000000000000000, sa_flags=SA_RESTART|SA_SIGINFO
SIGHUP: SIG_DFL, sa_mask[0]=00000000000000000000000000000000, sa_flags=none
SIGINT: SIG_DFL, sa_mask[0]=00000000000000000000000000000000, sa_flags=none
SIGTERM: SIG_DFL, sa_mask[0]=00000000000000000000000000000000, sa_flags=none
SIGQUIT: SIG_DFL, sa_mask[0]=00000000000000000000000000000000, sa_flags=none


---------------  S Y S T E M  ---------------

OS:DISTRIB_ID=Ubuntu
DISTRIB_RELEASE=18.04
DISTRIB_CODENAME=bionic
DISTRIB_DESCRIPTION="Ubuntu 18.04.4 LTS"
uname:Linux 4.15.0-99-generic #100-Ubuntu SMP Wed Apr 22 20:32:56 UTC 2020 x86_64
OS uptime: 2 days 5:37 hours
libc:glibc 2.27 NPTL 2.27 
rlimit: STACK 8192k, CORE infinity, NPROC infinity, NOFILE 1048576, AS infinity, CPU infinity, DATA infinity, FSIZE infinity
load average:10.76 10.68 10.16

/proc/meminfo:
MemTotal:       132007636 kB
MemFree:         7384780 kB
MemAvailable:    6664396 kB
Buffers:           14324 kB
Cached:           133856 kB
SwapCached:        40632 kB
Active:         121609836 kB
Inactive:        2250484 kB
Active(anon):   121543072 kB
Inactive(anon):  2168920 kB
Active(file):      66764 kB
Inactive(file):    81564 kB
Unevictable:           0 kB
Mlocked:               0 kB
SwapTotal:       1998844 kB
SwapFree:        1751060 kB
Dirty:              7132 kB
Writeback:             0 kB
AnonPages:      123679300 kB
Mapped:            73564 kB
Shmem:                 4 kB
Slab:             277472 kB
SReclaimable:     104700 kB
SUnreclaim:       172772 kB
KernelStack:       12592 kB
PageTables:       257080 kB
NFS_Unstable:          0 kB
Bounce:                0 kB
WritebackTmp:          0 kB
CommitLimit:    68002660 kB
Committed_AS:   154504004 kB
VmallocTotal:   34359738367 kB
VmallocUsed:           0 kB
VmallocChunk:          0 kB
HardwareCorrupted:     0 kB
AnonHugePages:         0 kB
ShmemHugePages:        0 kB
ShmemPmdMapped:        0 kB
CmaTotal:              0 kB
CmaFree:               0 kB
HugePages_Total:       0
HugePages_Free:        0
HugePages_Rsvd:        0
HugePages_Surp:        0
Hugepagesize:       2048 kB
DirectMap4k:      456512 kB
DirectMap2M:    63506432 kB
DirectMap1G:    72351744 kB


/proc/sys/kernel/threads-max (system-wide limit on the number of threads):
1030815


/proc/sys/vm/max_map_count (maximum number of memory map areas a process may have):
65530


/proc/sys/kernel/pid_max (system-wide limit on number of process identifiers):
131072



container (cgroup) information:
container_type: cgroupv1
cpu_cpuset_cpus: 0-15
cpu_memory_nodes: 0
active_processor_count: 16
cpu_quota: -1
cpu_period: 100000
cpu_shares: -1
memory_limit_in_bytes: -1
memory_and_swap_limit_in_bytes: -2
memory_soft_limit_in_bytes: -1
memory_usage_in_bytes: 41089118208
memory_max_usage_in_bytes: 98187067392

VMWare virtualization detected
Steal ticks since vm start: 0
Steal ticks percentage since vm start:  0.000

CPU:total 16 (initial active 16) (1 cores per cpu, 1 threads per core) family 6 model 85 stepping 4, cmov, cx8, fxsr, mmx, sse, sse2, sse3, ssse3, sse4.1, sse4.2, popcnt, avx, avx2, aes, clmul, erms, 3dnowpref, lzcnt, tsc, tscinvbit, bmi1, bmi2, adx, fma
CPU Model and flags from /proc/cpuinfo:
model name	: Intel(R) Xeon(R) Gold 6136 CPU @ 3.00GHz
flags		: fpu vme de pse tsc msr pae mce cx8 apic sep mtrr pge mca cmov pat pse36 clflush dts mmx fxsr sse sse2 ss syscall nx pdpe1gb rdtscp lm constant_tsc arch_perfmon pebs bts nopl xtopology tsc_reliable nonstop_tsc cpuid pni pclmulqdq ssse3 fma cx16 pcid sse4_1 sse4_2 x2apic movbe popcnt tsc_deadline_timer aes xsave avx f16c rdrand hypervisor lahf_lm abm 3dnowprefetch cpuid_fault invpcid_single pti ssbd ibrs ibpb stibp fsgsbase tsc_adjust bmi1 avx2 smep bmi2 invpcid mpx avx512f avx512dq rdseed adx smap clflushopt clwb avx512cd avx512bw avx512vl xsaveopt xsavec xsaves arat pku ospke md_clear flush_l1d arch_capabilities

Memory: 4k page, physical 132007636k(7384780k free), swap 1998844k(1751060k free)

vm_info: OpenJDK 64-Bit Server VM (11.0.7+10-post-Ubuntu-2ubuntu218.04) for linux-amd64 JRE (11.0.7+10-post-Ubuntu-2ubuntu218.04), built on Apr 15 2020 21:12:54 by "unknown" with gcc 7.5.0

END.
