#
# There is insufficient memory for the Java Runtime Environment to continue.
# Native memory allocation (mmap) failed to map 10737418240 bytes for committing reserved memory.
# Possible reasons:
#   The system is out of physical RAM or swap space
#   The process is running with CompressedOops enabled, and the Java Heap may be blocking the growth of the native heap
# Possible solutions:
#   Reduce memory load on the system
#   Increase physical memory or swap space
#   Check if swap backing store is full
#   Decrease Java heap size (-Xmx/-Xms)
#   Decrease number of Java threads
#   Decrease Java thread stack sizes (-Xss)
#   Set larger code cache with -XX:ReservedCodeCacheSize=
# This output file may be truncated or incomplete.
#
#  Out of Memory Error (os_linux.cpp:2866), pid=32415, tid=32416
#
# JRE version:  (11.0.7+10) (build )
# Java VM: OpenJDK 64-Bit Server VM (11.0.7+10-post-Ubuntu-2ubuntu218.04, mixed mode, sharing, tiered, compressed oops, g1 gc, linux-amd64)
# Core dump will be written. Default location: Core dumps may be processed with "/usr/share/apport/apport %p %s %c %d %P %E" (or dumping to /root/the-one-transit/core.32415)
#

---------------  S U M M A R Y ------------

Command Line: -Xmx14000M -Xms10G -Xmx10G core.DTNSim -b 1 helsinki1True_settings.txt

Host: Intel(R) Xeon(R) Gold 6136 CPU @ 3.00GHz, 16 cores, 125G, Ubuntu 18.04.4 LTS
Time: Sat May 30 11:58:15 2020 UTC elapsed time: 0 seconds (0d 0h 0m 0s)

---------------  T H R E A D  ---------------

Current thread (0x00007f0308016000):  JavaThread "Unknown thread" [_thread_in_vm, id=32416, stack(0x00007f030fa06000,0x00007f030fb07000)]

Stack: [0x00007f030fa06000,0x00007f030fb07000],  sp=0x00007f030fb05220,  free space=1020k
Native frames: (J=compiled Java code, A=aot compiled Java code, j=interpreted, Vv=VM code, C=native code)
V  [libjvm.so+0xdf8009]
V  [libjvm.so+0xdf8c9b]
V  [libjvm.so+0x6514e5]
V  [libjvm.so+0xbcfd48]
V  [libjvm.so+0xbc739d]
V  [libjvm.so+0x77034f]
V  [libjvm.so+0x7705be]
V  [libjvm.so+0x77c630]
V  [libjvm.so+0x7f8339]
V  [libjvm.so+0x7f8f92]
V  [libjvm.so+0x7f93f9]
V  [libjvm.so+0x72ea4f]
V  [libjvm.so+0x72f13d]
V  [libjvm.so+0xdb2512]
V  [libjvm.so+0xdb27a6]
V  [libjvm.so+0x81c067]
V  [libjvm.so+0xd8971f]
V  [libjvm.so+0x8d5871]  JNI_CreateJavaVM+0x51
C  [libjli.so+0x4a66]
C  [libjli.so+0x92cd]


---------------  P R O C E S S  ---------------

Threads class SMR info:
_java_thread_list=0x0000559f5448f0a0, length=0, elements={
}

Java Threads: ( => current thread )

Other Threads:
  0x00007f030802f800 GCTaskThread "GC Thread#0" [stack: 0x00007f02f022d000,0x00007f02f032d000] [id=32417]
  0x00007f0308058000 ConcurrentGCThread "G1 Main Marker" [stack: 0x00007f02d36ff000,0x00007f02d37ff000] [id=32418]
  0x00007f030805a000 ConcurrentGCThread "G1 Conc#0" [stack: 0x00007f02d35fd000,0x00007f02d36fd000] [id=32419]

[error occurred during error reporting (printing all threads), id 0xb, SIGSEGV (0xb) at pc=0x00007f030dfc6d90]

VM state:not at safepoint (not fully initialized)

VM Mutex/Monitor currently owned by a thread:  ([mutex/lock_event])
[0x00007f03080127c0] Heap_lock - owner thread: 0x00007f0308016000

Heap address: 0x0000000580000000, size: 10240 MB, Compressed Oops mode: Non-zero based: 0x0000000580000000
Narrow klass base: 0x0000000000000000, Narrow klass shift: 0

GC Heap History (0 events):
No events

Deoptimization events (0 events):
No events

Classes redefined (0 events):
No events

Internal exceptions (0 events):
No events

Events (3 events):
Event: 0.001 Protecting memory [0x00007f030fa06000,0x00007f030fa0a000] with protection modes 0
Event: 0.002 Loaded shared library /usr/lib/jvm/java-11-openjdk-amd64/lib/libzip.so
Event: 0.002 Loaded shared library /usr/lib/jvm/java-11-openjdk-amd64/lib/libjimage.so


Dynamic libraries:
559f53132000-559f53133000 r-xp 00000000 fd:01 657309                     /usr/lib/jvm/java-11-openjdk-amd64/bin/java
559f53333000-559f53334000 r--p 00001000 fd:01 657309                     /usr/lib/jvm/java-11-openjdk-amd64/bin/java
559f53334000-559f53335000 rw-p 00002000 fd:01 657309                     /usr/lib/jvm/java-11-openjdk-amd64/bin/java
559f54477000-559f54498000 rw-p 00000000 00:00 0                          [heap]
7f02c4000000-7f02c4021000 rw-p 00000000 00:00 0 
7f02c4021000-7f02c8000000 ---p 00000000 00:00 0 
7f02cc000000-7f02cc021000 rw-p 00000000 00:00 0 
7f02cc021000-7f02d0000000 ---p 00000000 00:00 0 
7f02d08ee000-7f02d35fb000 rw-p 00000000 00:00 0 
7f02d35fb000-7f02d35fc000 ---p 00000000 00:00 0 
7f02d35fc000-7f02d36fd000 rw-p 00000000 00:00 0 
7f02d36fd000-7f02d36fe000 ---p 00000000 00:00 0 
7f02d36fe000-7f02d38f5000 rw-p 00000000 00:00 0 
7f02d38f5000-7f02eb4f5000 ---p 00000000 00:00 0 
7f02eb4f5000-7f02ec000000 rw-p 00000000 00:00 0 
7f02ec000000-7f02ec021000 rw-p 00000000 00:00 0 
7f02ec021000-7f02f0000000 ---p 00000000 00:00 0 
7f02f0029000-7f02f022b000 rw-p 00000000 00:00 0 
7f02f022b000-7f02f022c000 ---p 00000000 00:00 0 
7f02f022c000-7f02f0332000 rw-p 00000000 00:00 0 
7f02f0332000-7f02f0416000 ---p 00000000 00:00 0 
7f02f0416000-7f02f041b000 rw-p 00000000 00:00 0 
7f02f041b000-7f02f04ff000 ---p 00000000 00:00 0 
7f02f04ff000-7f02f076f000 rwxp 00000000 00:00 0 
7f02f076f000-7f02f0c3e000 ---p 00000000 00:00 0 
7f02f0c3e000-7f02f0eae000 rwxp 00000000 00:00 0 
7f02f0eae000-7f02f809e000 ---p 00000000 00:00 0 
7f02f809e000-7f02f830e000 rwxp 00000000 00:00 0 
7f02f830e000-7f02ff4ff000 ---p 00000000 00:00 0 
7f02ff4ff000-7f0307bf2000 r--s 00000000 fd:01 657669                     /usr/lib/jvm/java-11-openjdk-amd64/lib/modules
7f0307bf2000-7f0307bf7000 r-xp 00000000 fd:01 657650                     /usr/lib/jvm/java-11-openjdk-amd64/lib/libjimage.so
7f0307bf7000-7f0307df6000 ---p 00005000 fd:01 657650                     /usr/lib/jvm/java-11-openjdk-amd64/lib/libjimage.so
7f0307df6000-7f0307df7000 r--p 00004000 fd:01 657650                     /usr/lib/jvm/java-11-openjdk-amd64/lib/libjimage.so
7f0307df7000-7f0307df8000 rw-p 00005000 fd:01 657650                     /usr/lib/jvm/java-11-openjdk-amd64/lib/libjimage.so
7f0307df8000-7f0307dff000 r-xp 00000000 fd:01 657668                     /usr/lib/jvm/java-11-openjdk-amd64/lib/libzip.so
7f0307dff000-7f0307ffe000 ---p 00007000 fd:01 657668                     /usr/lib/jvm/java-11-openjdk-amd64/lib/libzip.so
7f0307ffe000-7f0307fff000 r--p 00006000 fd:01 657668                     /usr/lib/jvm/java-11-openjdk-amd64/lib/libzip.so
7f0307fff000-7f0308000000 rw-p 00007000 fd:01 657668                     /usr/lib/jvm/java-11-openjdk-amd64/lib/libzip.so
7f0308000000-7f030809a000 rw-p 00000000 00:00 0 
7f030809a000-7f030c000000 ---p 00000000 00:00 0 
7f030c0bc000-7f030c0c7000 r-xp 00000000 fd:01 654078                     /lib/x86_64-linux-gnu/libnss_files-2.27.so
7f030c0c7000-7f030c2c6000 ---p 0000b000 fd:01 654078                     /lib/x86_64-linux-gnu/libnss_files-2.27.so
7f030c2c6000-7f030c2c7000 r--p 0000a000 fd:01 654078                     /lib/x86_64-linux-gnu/libnss_files-2.27.so
7f030c2c7000-7f030c2c8000 rw-p 0000b000 fd:01 654078                     /lib/x86_64-linux-gnu/libnss_files-2.27.so
7f030c2c8000-7f030c2ce000 rw-p 00000000 00:00 0 
7f030c2ce000-7f030c2e5000 r-xp 00000000 fd:01 654072                     /lib/x86_64-linux-gnu/libnsl-2.27.so
7f030c2e5000-7f030c4e4000 ---p 00017000 fd:01 654072                     /lib/x86_64-linux-gnu/libnsl-2.27.so
7f030c4e4000-7f030c4e5000 r--p 00016000 fd:01 654072                     /lib/x86_64-linux-gnu/libnsl-2.27.so
7f030c4e5000-7f030c4e6000 rw-p 00017000 fd:01 654072                     /lib/x86_64-linux-gnu/libnsl-2.27.so
7f030c4e6000-7f030c4e8000 rw-p 00000000 00:00 0 
7f030c4e8000-7f030c4f3000 r-xp 00000000 fd:01 654082                     /lib/x86_64-linux-gnu/libnss_nis-2.27.so
7f030c4f3000-7f030c6f2000 ---p 0000b000 fd:01 654082                     /lib/x86_64-linux-gnu/libnss_nis-2.27.so
7f030c6f2000-7f030c6f3000 r--p 0000a000 fd:01 654082                     /lib/x86_64-linux-gnu/libnss_nis-2.27.so
7f030c6f3000-7f030c6f4000 rw-p 0000b000 fd:01 654082                     /lib/x86_64-linux-gnu/libnss_nis-2.27.so
7f030c6f4000-7f030c6fc000 r-xp 00000000 fd:01 654074                     /lib/x86_64-linux-gnu/libnss_compat-2.27.so
7f030c6fc000-7f030c8fc000 ---p 00008000 fd:01 654074                     /lib/x86_64-linux-gnu/libnss_compat-2.27.so
7f030c8fc000-7f030c8fd000 r--p 00008000 fd:01 654074                     /lib/x86_64-linux-gnu/libnss_compat-2.27.so
7f030c8fd000-7f030c8fe000 rw-p 00009000 fd:01 654074                     /lib/x86_64-linux-gnu/libnss_compat-2.27.so
7f030c8fe000-7f030c927000 r-xp 00000000 fd:01 657646                     /usr/lib/jvm/java-11-openjdk-amd64/lib/libjava.so
7f030c927000-7f030cb26000 ---p 00029000 fd:01 657646                     /usr/lib/jvm/java-11-openjdk-amd64/lib/libjava.so
7f030cb26000-7f030cb27000 r--p 00028000 fd:01 657646                     /usr/lib/jvm/java-11-openjdk-amd64/lib/libjava.so
7f030cb27000-7f030cb29000 rw-p 00029000 fd:01 657646                     /usr/lib/jvm/java-11-openjdk-amd64/lib/libjava.so
7f030cb29000-7f030cb36000 r-xp 00000000 fd:01 657667                     /usr/lib/jvm/java-11-openjdk-amd64/lib/libverify.so
7f030cb36000-7f030cd35000 ---p 0000d000 fd:01 657667                     /usr/lib/jvm/java-11-openjdk-amd64/lib/libverify.so
7f030cd35000-7f030cd37000 r--p 0000c000 fd:01 657667                     /usr/lib/jvm/java-11-openjdk-amd64/lib/libverify.so
7f030cd37000-7f030cd38000 rw-p 0000e000 fd:01 657667                     /usr/lib/jvm/java-11-openjdk-amd64/lib/libverify.so
7f030cd38000-7f030cd3f000 r-xp 00000000 fd:01 654104                     /lib/x86_64-linux-gnu/librt-2.27.so
7f030cd3f000-7f030cf3e000 ---p 00007000 fd:01 654104                     /lib/x86_64-linux-gnu/librt-2.27.so
7f030cf3e000-7f030cf3f000 r--p 00006000 fd:01 654104                     /lib/x86_64-linux-gnu/librt-2.27.so
7f030cf3f000-7f030cf40000 rw-p 00007000 fd:01 654104                     /lib/x86_64-linux-gnu/librt-2.27.so
7f030cf40000-7f030cf57000 r-xp 00000000 fd:01 654044                     /lib/x86_64-linux-gnu/libgcc_s.so.1
7f030cf57000-7f030d156000 ---p 00017000 fd:01 654044                     /lib/x86_64-linux-gnu/libgcc_s.so.1
7f030d156000-7f030d157000 r--p 00016000 fd:01 654044                     /lib/x86_64-linux-gnu/libgcc_s.so.1
7f030d157000-7f030d158000 rw-p 00017000 fd:01 654044                     /lib/x86_64-linux-gnu/libgcc_s.so.1
7f030d158000-7f030d2f5000 r-xp 00000000 fd:01 654061                     /lib/x86_64-linux-gnu/libm-2.27.so
7f030d2f5000-7f030d4f4000 ---p 0019d000 fd:01 654061                     /lib/x86_64-linux-gnu/libm-2.27.so
7f030d4f4000-7f030d4f5000 r--p 0019c000 fd:01 654061                     /lib/x86_64-linux-gnu/libm-2.27.so
7f030d4f5000-7f030d4f6000 rw-p 0019d000 fd:01 654061                     /lib/x86_64-linux-gnu/libm-2.27.so
7f030d4f6000-7f030d66f000 r-xp 00000000 fd:01 660170                     /usr/lib/x86_64-linux-gnu/libstdc++.so.6.0.25
7f030d66f000-7f030d86f000 ---p 00179000 fd:01 660170                     /usr/lib/x86_64-linux-gnu/libstdc++.so.6.0.25
7f030d86f000-7f030d879000 r--p 00179000 fd:01 660170                     /usr/lib/x86_64-linux-gnu/libstdc++.so.6.0.25
7f030d879000-7f030d87b000 rw-p 00183000 fd:01 660170                     /usr/lib/x86_64-linux-gnu/libstdc++.so.6.0.25
7f030d87b000-7f030d87f000 rw-p 00000000 00:00 0 
7f030d87f000-7f030e95c000 r-xp 00000000 fd:01 657681                     /usr/lib/jvm/java-11-openjdk-amd64/lib/server/libjvm.so
7f030e95c000-7f030eb5b000 ---p 010dd000 fd:01 657681                     /usr/lib/jvm/java-11-openjdk-amd64/lib/server/libjvm.so
7f030eb5b000-7f030ec18000 r--p 010dc000 fd:01 657681                     /usr/lib/jvm/java-11-openjdk-amd64/lib/server/libjvm.so
7f030ec18000-7f030ec52000 rw-p 01199000 fd:01 657681                     /usr/lib/jvm/java-11-openjdk-amd64/lib/server/libjvm.so
7f030ec52000-7f030eca8000 rw-p 00000000 00:00 0 
7f030eca8000-7f030ecc2000 r-xp 00000000 fd:01 654098                     /lib/x86_64-linux-gnu/libpthread-2.27.so
7f030ecc2000-7f030eec1000 ---p 0001a000 fd:01 654098                     /lib/x86_64-linux-gnu/libpthread-2.27.so
7f030eec1000-7f030eec2000 r--p 00019000 fd:01 654098                     /lib/x86_64-linux-gnu/libpthread-2.27.so
7f030eec2000-7f030eec3000 rw-p 0001a000 fd:01 654098                     /lib/x86_64-linux-gnu/libpthread-2.27.so
7f030eec3000-7f030eec7000 rw-p 00000000 00:00 0 
7f030eec7000-7f030eeca000 r-xp 00000000 fd:01 654034                     /lib/x86_64-linux-gnu/libdl-2.27.so
7f030eeca000-7f030f0c9000 ---p 00003000 fd:01 654034                     /lib/x86_64-linux-gnu/libdl-2.27.so
7f030f0c9000-7f030f0ca000 r--p 00002000 fd:01 654034                     /lib/x86_64-linux-gnu/libdl-2.27.so
7f030f0ca000-7f030f0cb000 rw-p 00003000 fd:01 654034                     /lib/x86_64-linux-gnu/libdl-2.27.so
7f030f0cb000-7f030f0e7000 r-xp 00000000 fd:01 654129                     /lib/x86_64-linux-gnu/libz.so.1.2.11
7f030f0e7000-7f030f2e6000 ---p 0001c000 fd:01 654129                     /lib/x86_64-linux-gnu/libz.so.1.2.11
7f030f2e6000-7f030f2e7000 r--p 0001b000 fd:01 654129                     /lib/x86_64-linux-gnu/libz.so.1.2.11
7f030f2e7000-7f030f2e8000 rw-p 0001c000 fd:01 654129                     /lib/x86_64-linux-gnu/libz.so.1.2.11
7f030f2e8000-7f030f4cf000 r-xp 00000000 fd:01 654017                     /lib/x86_64-linux-gnu/libc-2.27.so
7f030f4cf000-7f030f6cf000 ---p 001e7000 fd:01 654017                     /lib/x86_64-linux-gnu/libc-2.27.so
7f030f6cf000-7f030f6d3000 r--p 001e7000 fd:01 654017                     /lib/x86_64-linux-gnu/libc-2.27.so
7f030f6d3000-7f030f6d5000 rw-p 001eb000 fd:01 654017                     /lib/x86_64-linux-gnu/libc-2.27.so
7f030f6d5000-7f030f6d9000 rw-p 00000000 00:00 0 
7f030f6d9000-7f030f6e9000 r-xp 00000000 fd:01 657628                     /usr/lib/jvm/java-11-openjdk-amd64/lib/jli/libjli.so
7f030f6e9000-7f030f8e8000 ---p 00010000 fd:01 657628                     /usr/lib/jvm/java-11-openjdk-amd64/lib/jli/libjli.so
7f030f8e8000-7f030f8e9000 r--p 0000f000 fd:01 657628                     /usr/lib/jvm/java-11-openjdk-amd64/lib/jli/libjli.so
7f030f8e9000-7f030f8ea000 rw-p 00010000 fd:01 657628                     /usr/lib/jvm/java-11-openjdk-amd64/lib/jli/libjli.so
7f030f8ea000-7f030f911000 r-xp 00000000 fd:01 653995                     /lib/x86_64-linux-gnu/ld-2.27.so
7f030f99e000-7f030f9f4000 rw-p 00000000 00:00 0 
7f030f9f4000-7f030f9fe000 ---p 00000000 00:00 0 
7f030f9fe000-7f030fa06000 rw-s 00000000 fd:01 684595                     /tmp/hsperfdata_root/32415
7f030fa06000-7f030fa0a000 ---p 00000000 00:00 0 
7f030fa0a000-7f030fb09000 rw-p 00000000 00:00 0 
7f030fb0b000-7f030fb0d000 r--s 00007000 fd:01 663743                     /usr/share/java/java-atk-wrapper.jar
7f030fb0d000-7f030fb0e000 ---p 00000000 00:00 0 
7f030fb0e000-7f030fb0f000 r--p 00000000 00:00 0 
7f030fb0f000-7f030fb11000 rw-p 00000000 00:00 0 
7f030fb11000-7f030fb12000 r--p 00027000 fd:01 653995                     /lib/x86_64-linux-gnu/ld-2.27.so
7f030fb12000-7f030fb13000 rw-p 00028000 fd:01 653995                     /lib/x86_64-linux-gnu/ld-2.27.so
7f030fb13000-7f030fb14000 rw-p 00000000 00:00 0 
7fff9dff6000-7fff9e017000 rw-p 00000000 00:00 0                          [stack]
7fff9e132000-7fff9e135000 r--p 00000000 00:00 0                          [vvar]
7fff9e135000-7fff9e137000 r-xp 00000000 00:00 0                          [vdso]
ffffffffff600000-ffffffffff601000 r-xp 00000000 00:00 0                  [vsyscall]


VM Arguments:
jvm_args: -Xmx14000M -Xms10G -Xmx10G 
java_command: core.DTNSim -b 1 helsinki1True_settings.txt
java_class_path (initial): target:lib/ECLA.jar:lib/DTNConsoleConnection.jar
Launcher Type: SUN_STANDARD

[Global flags]
     intx CICompilerCount                          = 12                                        {product} {ergonomic}
     uint ConcGCThreads                            = 3                                         {product} {ergonomic}
     uint G1ConcRefinementThreads                  = 13                                        {product} {ergonomic}
   size_t G1HeapRegionSize                         = 4194304                                   {product} {ergonomic}
    uintx GCDrainStackTargetSize                   = 64                                        {product} {ergonomic}
   size_t InitialHeapSize                          = 10737418240                               {product} {command line}
   size_t MarkStackSize                            = 4194304                                   {product} {ergonomic}
   size_t MaxHeapSize                              = 10737418240                               {product} {command line}
   size_t MinHeapDeltaBytes                        = 4194304                                   {product} {ergonomic}
    uintx NonNMethodCodeHeapSize                   = 7594288                                {pd product} {ergonomic}
    uintx NonProfiledCodeHeapSize                  = 122031976                              {pd product} {ergonomic}
    uintx ProfiledCodeHeapSize                     = 122031976                              {pd product} {ergonomic}
    uintx ReservedCodeCacheSize                    = 251658240                              {pd product} {ergonomic}
     bool SegmentedCodeCache                       = true                                      {product} {ergonomic}
     bool UseCompressedClassPointers               = true                                 {lp64_product} {ergonomic}
     bool UseCompressedOops                        = true                                 {lp64_product} {ergonomic}
     bool UseG1GC                                  = true                                      {product} {ergonomic}

Logging:
Log output configuration:
 #0: stdout all=warning uptime,level,tags
 #1: stderr all=off uptime,level,tags

Environment Variables:
_JAVA_OPTIONS=-Xms10G -Xmx10G
PATH=/usr/local/sbin:/usr/local/bin:/usr/sbin:/usr/bin:/sbin:/bin
SHELL=/bin/bash

Signal Handlers:
SIGSEGV: [libjvm.so+0xdf8d00], sa_mask[0]=11111111011111111101111111111110, sa_flags=SA_RESTART|SA_SIGINFO
SIGBUS: [libjvm.so+0xdf8d00], sa_mask[0]=11111111011111111101111111111110, sa_flags=SA_RESTART|SA_SIGINFO
SIGFPE: [libjvm.so+0xdf8d00], sa_mask[0]=11111111011111111101111111111110, sa_flags=SA_RESTART|SA_SIGINFO
SIGPIPE: [libjvm.so+0xbcbc30], sa_mask[0]=11111111011111111101111111111110, sa_flags=SA_RESTART|SA_SIGINFO
SIGXFSZ: [libjvm.so+0xbcbc30], sa_mask[0]=11111111011111111101111111111110, sa_flags=SA_RESTART|SA_SIGINFO
SIGILL: [libjvm.so+0xdf8d00], sa_mask[0]=11111111011111111101111111111110, sa_flags=SA_RESTART|SA_SIGINFO
SIGUSR2: [libjvm.so+0xbcbad0], sa_mask[0]=00000000000000000000000000000000, sa_flags=SA_RESTART|SA_SIGINFO
SIGHUP: SIG_DFL, sa_mask[0]=00000000000000000000000000000000, sa_flags=none
SIGINT: SIG_DFL, sa_mask[0]=00000000000000000000000000000000, sa_flags=none
SIGTERM: SIG_DFL, sa_mask[0]=00000000000000000000000000000000, sa_flags=none
SIGQUIT: SIG_DFL, sa_mask[0]=00000000000000000000000000000000, sa_flags=none


---------------  S Y S T E M  ---------------

OS:DISTRIB_ID=Ubuntu
DISTRIB_RELEASE=18.04
DISTRIB_CODENAME=bionic
DISTRIB_DESCRIPTION="Ubuntu 18.04.4 LTS"
uname:Linux 4.15.0-99-generic #100-Ubuntu SMP Wed Apr 22 20:32:56 UTC 2020 x86_64
OS uptime: 2 days 5:37 hours
libc:glibc 2.27 NPTL 2.27 
rlimit: STACK 8192k, CORE infinity, NPROC infinity, NOFILE 1048576, AS infinity, CPU infinity, DATA infinity, FSIZE infinity
load average:11.00 10.72 10.17

/proc/meminfo:
MemTotal:       132007636 kB
MemFree:         7414880 kB
MemAvailable:    6693116 kB
Buffers:           14232 kB
Cached:           131600 kB
SwapCached:        40632 kB
Active:         121583980 kB
Inactive:        2248228 kB
Active(anon):   121517308 kB
Inactive(anon):  2168920 kB
Active(file):      66672 kB
Inactive(file):    79308 kB
Unevictable:           0 kB
Mlocked:               0 kB
SwapTotal:       1998844 kB
SwapFree:        1751060 kB
Dirty:              4892 kB
Writeback:             0 kB
AnonPages:      123652556 kB
Mapped:            73900 kB
Shmem:                 4 kB
Slab:             277140 kB
SReclaimable:     104528 kB
SUnreclaim:       172612 kB
KernelStack:       12560 kB
PageTables:       257744 kB
NFS_Unstable:          0 kB
Bounce:                0 kB
WritebackTmp:          0 kB
CommitLimit:    68002660 kB
Committed_AS:   154466392 kB
VmallocTotal:   34359738367 kB
VmallocUsed:           0 kB
VmallocChunk:          0 kB
HardwareCorrupted:     0 kB
AnonHugePages:         0 kB
ShmemHugePages:        0 kB
ShmemPmdMapped:        0 kB
CmaTotal:              0 kB
CmaFree:               0 kB
HugePages_Total:       0
HugePages_Free:        0
HugePages_Rsvd:        0
HugePages_Surp:        0
Hugepagesize:       2048 kB
DirectMap4k:      456512 kB
DirectMap2M:    63506432 kB
DirectMap1G:    72351744 kB


/proc/sys/kernel/threads-max (system-wide limit on the number of threads):
1030815


/proc/sys/vm/max_map_count (maximum number of memory map areas a process may have):
65530


/proc/sys/kernel/pid_max (system-wide limit on number of process identifiers):
131072



container (cgroup) information:
container_type: cgroupv1
cpu_cpuset_cpus: 0-15
cpu_memory_nodes: 0
active_processor_count: 16
cpu_quota: -1
cpu_period: 100000
cpu_shares: -1
memory_limit_in_bytes: -1
memory_and_swap_limit_in_bytes: -2
memory_soft_limit_in_bytes: -1
memory_usage_in_bytes: 41086808064
memory_max_usage_in_bytes: 98187067392

VMWare virtualization detected
Steal ticks since vm start: 0
Steal ticks percentage since vm start:  0.000

CPU:total 16 (initial active 16) (1 cores per cpu, 1 threads per core) family 6 model 85 stepping 4, cmov, cx8, fxsr, mmx, sse, sse2, sse3, ssse3, sse4.1, sse4.2, popcnt, avx, avx2, aes, clmul, erms, 3dnowpref, lzcnt, tsc, tscinvbit, bmi1, bmi2, adx, fma
CPU Model and flags from /proc/cpuinfo:
model name	: Intel(R) Xeon(R) Gold 6136 CPU @ 3.00GHz
flags		: fpu vme de pse tsc msr pae mce cx8 apic sep mtrr pge mca cmov pat pse36 clflush dts mmx fxsr sse sse2 ss syscall nx pdpe1gb rdtscp lm constant_tsc arch_perfmon pebs bts nopl xtopology tsc_reliable nonstop_tsc cpuid pni pclmulqdq ssse3 fma cx16 pcid sse4_1 sse4_2 x2apic movbe popcnt tsc_deadline_timer aes xsave avx f16c rdrand hypervisor lahf_lm abm 3dnowprefetch cpuid_fault invpcid_single pti ssbd ibrs ibpb stibp fsgsbase tsc_adjust bmi1 avx2 smep bmi2 invpcid mpx avx512f avx512dq rdseed adx smap clflushopt clwb avx512cd avx512bw avx512vl xsaveopt xsavec xsaves arat pku ospke md_clear flush_l1d arch_capabilities

Memory: 4k page, physical 132007636k(7414880k free), swap 1998844k(1751060k free)

vm_info: OpenJDK 64-Bit Server VM (11.0.7+10-post-Ubuntu-2ubuntu218.04) for linux-amd64 JRE (11.0.7+10-post-Ubuntu-2ubuntu218.04), built on Apr 15 2020 21:12:54 by "unknown" with gcc 7.5.0

END.
