#
# There is insufficient memory for the Java Runtime Environment to continue.
# Native memory allocation (mmap) failed to map 8589934592 bytes for committing reserved memory.
# Possible reasons:
#   The system is out of physical RAM or swap space
#   The process is running with CompressedOops enabled, and the Java Heap may be blocking the growth of the native heap
# Possible solutions:
#   Reduce memory load on the system
#   Increase physical memory or swap space
#   Check if swap backing store is full
#   Decrease Java heap size (-Xmx/-Xms)
#   Decrease number of Java threads
#   Decrease Java thread stack sizes (-Xss)
#   Set larger code cache with -XX:ReservedCodeCacheSize=
# This output file may be truncated or incomplete.
#
#  Out of Memory Error (os_linux.cpp:2866), pid=111096, tid=111097
#
# JRE version:  (11.0.7+10) (build )
# Java VM: OpenJDK 64-Bit Server VM (11.0.7+10-post-Ubuntu-2ubuntu218.04, mixed mode, sharing, tiered, compressed oops, g1 gc, linux-amd64)
# Core dump will be written. Default location: Core dumps may be processed with "/usr/share/apport/apport %p %s %c %d %P %E" (or dumping to /home/service/the-one-normal/core.111096)
#

---------------  S U M M A R Y ------------

Command Line: -Xmx14000M -Djava.util.Arrays.useLegacyMergeSort=true -Xms8G -Xmx8G core.DTNSim -b 1 freiburg1True_settings.txt

Host: Intel(R) Xeon(R) Gold 6136 CPU @ 3.00GHz, 16 cores, 62G, Ubuntu 18.04.4 LTS
Time: Mon May 25 22:13:04 2020 CEST elapsed time: 0 seconds (0d 0h 0m 0s)

---------------  T H R E A D  ---------------

Current thread (0x00007fd84c015800):  JavaThread "Unknown thread" [_thread_in_vm, id=111097, stack(0x00007fd85518e000,0x00007fd85528f000)]

Stack: [0x00007fd85518e000,0x00007fd85528f000],  sp=0x00007fd85528d220,  free space=1020k
Native frames: (J=compiled Java code, A=aot compiled Java code, j=interpreted, Vv=VM code, C=native code)
V  [libjvm.so+0xdf8009]
V  [libjvm.so+0xdf8c9b]
V  [libjvm.so+0x6514e5]
V  [libjvm.so+0xbcfd48]
V  [libjvm.so+0xbc739d]
V  [libjvm.so+0x77034f]
V  [libjvm.so+0x7705be]
V  [libjvm.so+0x77c630]
V  [libjvm.so+0x7f8339]
V  [libjvm.so+0x7f8f92]
V  [libjvm.so+0x7f93f9]
V  [libjvm.so+0x72ea4f]
V  [libjvm.so+0x72f13d]
V  [libjvm.so+0xdb2512]
V  [libjvm.so+0xdb27a6]
V  [libjvm.so+0x81c067]
V  [libjvm.so+0xd8971f]
V  [libjvm.so+0x8d5871]  JNI_CreateJavaVM+0x51
C  [libjli.so+0x4a66]
C  [libjli.so+0x92cd]


---------------  P R O C E S S  ---------------

Threads class SMR info:
_java_thread_list=0x00005561919df100, length=0, elements={
}

Java Threads: ( => current thread )

Other Threads:
  0x00007fd84c02e800 GCTaskThread "GC Thread#0" [stack: 0x00007fd851796000,0x00007fd851896000] [id=111098]
  0x00007fd84c050000 ConcurrentGCThread "G1 Main Marker" [stack: 0x00007fd8508c2000,0x00007fd8509c2000] [id=111099]
  0x00007fd84c052000 ConcurrentGCThread "G1 Conc#0" [stack: 0x00007fd8507c0000,0x00007fd8508c0000] [id=111100]

[error occurred during error reporting (printing all threads), id 0xb, SIGSEGV (0xb) at pc=0x00007fd853750d90]

VM state:not at safepoint (not fully initialized)

VM Mutex/Monitor currently owned by a thread:  ([mutex/lock_event])
[0x00007fd84c012e20] Heap_lock - owner thread: 0x00007fd84c015800

Heap address: 0x0000000600000000, size: 8192 MB, Compressed Oops mode: Non-zero based: 0x0000000600000000
Narrow klass base: 0x0000000000000000, Narrow klass shift: 0

GC Heap History (0 events):
No events

Deoptimization events (0 events):
No events

Classes redefined (0 events):
No events

Internal exceptions (0 events):
No events

Events (3 events):
Event: 0.001 Protecting memory [0x00007fd85518e000,0x00007fd855192000] with protection modes 0
Event: 0.001 Loaded shared library /usr/lib/jvm/java-11-openjdk-amd64/lib/libzip.so
Event: 0.001 Loaded shared library /usr/lib/jvm/java-11-openjdk-amd64/lib/libjimage.so


Dynamic libraries:
5561910fb000-5561910fc000 r-xp 00000000 fd:01 789440                     /usr/lib/jvm/java-11-openjdk-amd64/bin/java
5561912fc000-5561912fd000 r--p 00001000 fd:01 789440                     /usr/lib/jvm/java-11-openjdk-amd64/bin/java
5561912fd000-5561912fe000 rw-p 00002000 fd:01 789440                     /usr/lib/jvm/java-11-openjdk-amd64/bin/java
5561919c7000-5561919e8000 rw-p 00000000 00:00 0                          [heap]
7fd810000000-7fd810021000 rw-p 00000000 00:00 0 
7fd810021000-7fd814000000 ---p 00000000 00:00 0 
7fd816000000-7fd818000000 rw-p 00000000 00:00 0 
7fd818000000-7fd818021000 rw-p 00000000 00:00 0 
7fd818021000-7fd81c000000 ---p 00000000 00:00 0 
7fd81d000000-7fd830000000 ---p 00000000 00:00 0 
7fd830000000-7fd830021000 rw-p 00000000 00:00 0 
7fd830021000-7fd834000000 ---p 00000000 00:00 0 
7fd834307000-7fd83490d000 rw-p 00000000 00:00 0 
7fd83490d000-7fd834b7d000 rwxp 00000000 00:00 0 
7fd834b7d000-7fd83504c000 ---p 00000000 00:00 0 
7fd83504c000-7fd8352bc000 rwxp 00000000 00:00 0 
7fd8352bc000-7fd83c4ac000 ---p 00000000 00:00 0 
7fd83c4ac000-7fd83c71c000 rwxp 00000000 00:00 0 
7fd83c71c000-7fd84390d000 ---p 00000000 00:00 0 
7fd84390d000-7fd84c000000 r--s 00000000 fd:01 789617                     /usr/lib/jvm/java-11-openjdk-amd64/lib/modules
7fd84c000000-7fd84c092000 rw-p 00000000 00:00 0 
7fd84c092000-7fd850000000 ---p 00000000 00:00 0 
7fd8500b7000-7fd8507be000 rw-p 00000000 00:00 0 
7fd8507be000-7fd8507bf000 ---p 00000000 00:00 0 
7fd8507bf000-7fd8508c0000 rw-p 00000000 00:00 0 
7fd8508c0000-7fd8508c1000 ---p 00000000 00:00 0 
7fd8508c1000-7fd851794000 rw-p 00000000 00:00 0 
7fd851794000-7fd851795000 ---p 00000000 00:00 0 
7fd851795000-7fd85189b000 rw-p 00000000 00:00 0 
7fd85189b000-7fd85197f000 ---p 00000000 00:00 0 
7fd85197f000-7fd851984000 rw-p 00000000 00:00 0 
7fd851984000-7fd851a68000 ---p 00000000 00:00 0 
7fd851a68000-7fd851a6d000 r-xp 00000000 fd:01 789599                     /usr/lib/jvm/java-11-openjdk-amd64/lib/libjimage.so
7fd851a6d000-7fd851c6c000 ---p 00005000 fd:01 789599                     /usr/lib/jvm/java-11-openjdk-amd64/lib/libjimage.so
7fd851c6c000-7fd851c6d000 r--p 00004000 fd:01 789599                     /usr/lib/jvm/java-11-openjdk-amd64/lib/libjimage.so
7fd851c6d000-7fd851c6e000 rw-p 00005000 fd:01 789599                     /usr/lib/jvm/java-11-openjdk-amd64/lib/libjimage.so
7fd851c6e000-7fd851c75000 r-xp 00000000 fd:01 789616                     /usr/lib/jvm/java-11-openjdk-amd64/lib/libzip.so
7fd851c75000-7fd851e74000 ---p 00007000 fd:01 789616                     /usr/lib/jvm/java-11-openjdk-amd64/lib/libzip.so
7fd851e74000-7fd851e75000 r--p 00006000 fd:01 789616                     /usr/lib/jvm/java-11-openjdk-amd64/lib/libzip.so
7fd851e75000-7fd851e76000 rw-p 00007000 fd:01 789616                     /usr/lib/jvm/java-11-openjdk-amd64/lib/libzip.so
7fd851e76000-7fd851e81000 r-xp 00000000 fd:01 132076                     /lib/x86_64-linux-gnu/libnss_files-2.27.so
7fd851e81000-7fd852080000 ---p 0000b000 fd:01 132076                     /lib/x86_64-linux-gnu/libnss_files-2.27.so
7fd852080000-7fd852081000 r--p 0000a000 fd:01 132076                     /lib/x86_64-linux-gnu/libnss_files-2.27.so
7fd852081000-7fd852082000 rw-p 0000b000 fd:01 132076                     /lib/x86_64-linux-gnu/libnss_files-2.27.so
7fd852082000-7fd852088000 rw-p 00000000 00:00 0 
7fd852088000-7fd8520b1000 r-xp 00000000 fd:01 789595                     /usr/lib/jvm/java-11-openjdk-amd64/lib/libjava.so
7fd8520b1000-7fd8522b0000 ---p 00029000 fd:01 789595                     /usr/lib/jvm/java-11-openjdk-amd64/lib/libjava.so
7fd8522b0000-7fd8522b1000 r--p 00028000 fd:01 789595                     /usr/lib/jvm/java-11-openjdk-amd64/lib/libjava.so
7fd8522b1000-7fd8522b3000 rw-p 00029000 fd:01 789595                     /usr/lib/jvm/java-11-openjdk-amd64/lib/libjava.so
7fd8522b3000-7fd8522c0000 r-xp 00000000 fd:01 789615                     /usr/lib/jvm/java-11-openjdk-amd64/lib/libverify.so
7fd8522c0000-7fd8524bf000 ---p 0000d000 fd:01 789615                     /usr/lib/jvm/java-11-openjdk-amd64/lib/libverify.so
7fd8524bf000-7fd8524c1000 r--p 0000c000 fd:01 789615                     /usr/lib/jvm/java-11-openjdk-amd64/lib/libverify.so
7fd8524c1000-7fd8524c2000 rw-p 0000e000 fd:01 789615                     /usr/lib/jvm/java-11-openjdk-amd64/lib/libverify.so
7fd8524c2000-7fd8524c9000 r-xp 00000000 fd:01 132083                     /lib/x86_64-linux-gnu/librt-2.27.so
7fd8524c9000-7fd8526c8000 ---p 00007000 fd:01 132083                     /lib/x86_64-linux-gnu/librt-2.27.so
7fd8526c8000-7fd8526c9000 r--p 00006000 fd:01 132083                     /lib/x86_64-linux-gnu/librt-2.27.so
7fd8526c9000-7fd8526ca000 rw-p 00007000 fd:01 132083                     /lib/x86_64-linux-gnu/librt-2.27.so
7fd8526ca000-7fd8526e1000 r-xp 00000000 fd:01 130639                     /lib/x86_64-linux-gnu/libgcc_s.so.1
7fd8526e1000-7fd8528e0000 ---p 00017000 fd:01 130639                     /lib/x86_64-linux-gnu/libgcc_s.so.1
7fd8528e0000-7fd8528e1000 r--p 00016000 fd:01 130639                     /lib/x86_64-linux-gnu/libgcc_s.so.1
7fd8528e1000-7fd8528e2000 rw-p 00017000 fd:01 130639                     /lib/x86_64-linux-gnu/libgcc_s.so.1
7fd8528e2000-7fd852a7f000 r-xp 00000000 fd:01 132069                     /lib/x86_64-linux-gnu/libm-2.27.so
7fd852a7f000-7fd852c7e000 ---p 0019d000 fd:01 132069                     /lib/x86_64-linux-gnu/libm-2.27.so
7fd852c7e000-7fd852c7f000 r--p 0019c000 fd:01 132069                     /lib/x86_64-linux-gnu/libm-2.27.so
7fd852c7f000-7fd852c80000 rw-p 0019d000 fd:01 132069                     /lib/x86_64-linux-gnu/libm-2.27.so
7fd852c80000-7fd852df9000 r-xp 00000000 fd:01 783443                     /usr/lib/x86_64-linux-gnu/libstdc++.so.6.0.25
7fd852df9000-7fd852ff9000 ---p 00179000 fd:01 783443                     /usr/lib/x86_64-linux-gnu/libstdc++.so.6.0.25
7fd852ff9000-7fd853003000 r--p 00179000 fd:01 783443                     /usr/lib/x86_64-linux-gnu/libstdc++.so.6.0.25
7fd853003000-7fd853005000 rw-p 00183000 fd:01 783443                     /usr/lib/x86_64-linux-gnu/libstdc++.so.6.0.25
7fd853005000-7fd853009000 rw-p 00000000 00:00 0 
7fd853009000-7fd8540e6000 r-xp 00000000 fd:01 789622                     /usr/lib/jvm/java-11-openjdk-amd64/lib/server/libjvm.so
7fd8540e6000-7fd8542e5000 ---p 010dd000 fd:01 789622                     /usr/lib/jvm/java-11-openjdk-amd64/lib/server/libjvm.so
7fd8542e5000-7fd8543a2000 r--p 010dc000 fd:01 789622                     /usr/lib/jvm/java-11-openjdk-amd64/lib/server/libjvm.so
7fd8543a2000-7fd8543dc000 rw-p 01199000 fd:01 789622                     /usr/lib/jvm/java-11-openjdk-amd64/lib/server/libjvm.so
7fd8543dc000-7fd854432000 rw-p 00000000 00:00 0 
7fd854432000-7fd85444c000 r-xp 00000000 fd:01 132081                     /lib/x86_64-linux-gnu/libpthread-2.27.so
7fd85444c000-7fd85464b000 ---p 0001a000 fd:01 132081                     /lib/x86_64-linux-gnu/libpthread-2.27.so
7fd85464b000-7fd85464c000 r--p 00019000 fd:01 132081                     /lib/x86_64-linux-gnu/libpthread-2.27.so
7fd85464c000-7fd85464d000 rw-p 0001a000 fd:01 132081                     /lib/x86_64-linux-gnu/libpthread-2.27.so
7fd85464d000-7fd854651000 rw-p 00000000 00:00 0 
7fd854651000-7fd854654000 r-xp 00000000 fd:01 132068                     /lib/x86_64-linux-gnu/libdl-2.27.so
7fd854654000-7fd854853000 ---p 00003000 fd:01 132068                     /lib/x86_64-linux-gnu/libdl-2.27.so
7fd854853000-7fd854854000 r--p 00002000 fd:01 132068                     /lib/x86_64-linux-gnu/libdl-2.27.so
7fd854854000-7fd854855000 rw-p 00003000 fd:01 132068                     /lib/x86_64-linux-gnu/libdl-2.27.so
7fd854855000-7fd854871000 r-xp 00000000 fd:01 130644                     /lib/x86_64-linux-gnu/libz.so.1.2.11
7fd854871000-7fd854a70000 ---p 0001c000 fd:01 130644                     /lib/x86_64-linux-gnu/libz.so.1.2.11
7fd854a70000-7fd854a71000 r--p 0001b000 fd:01 130644                     /lib/x86_64-linux-gnu/libz.so.1.2.11
7fd854a71000-7fd854a72000 rw-p 0001c000 fd:01 130644                     /lib/x86_64-linux-gnu/libz.so.1.2.11
7fd854a72000-7fd854c59000 r-xp 00000000 fd:01 132065                     /lib/x86_64-linux-gnu/libc-2.27.so
7fd854c59000-7fd854e59000 ---p 001e7000 fd:01 132065                     /lib/x86_64-linux-gnu/libc-2.27.so
7fd854e59000-7fd854e5d000 r--p 001e7000 fd:01 132065                     /lib/x86_64-linux-gnu/libc-2.27.so
7fd854e5d000-7fd854e5f000 rw-p 001eb000 fd:01 132065                     /lib/x86_64-linux-gnu/libc-2.27.so
7fd854e5f000-7fd854e63000 rw-p 00000000 00:00 0 
7fd854e63000-7fd854e73000 r-xp 00000000 fd:01 789579                     /usr/lib/jvm/java-11-openjdk-amd64/lib/jli/libjli.so
7fd854e73000-7fd855072000 ---p 00010000 fd:01 789579                     /usr/lib/jvm/java-11-openjdk-amd64/lib/jli/libjli.so
7fd855072000-7fd855073000 r--p 0000f000 fd:01 789579                     /usr/lib/jvm/java-11-openjdk-amd64/lib/jli/libjli.so
7fd855073000-7fd855074000 rw-p 00010000 fd:01 789579                     /usr/lib/jvm/java-11-openjdk-amd64/lib/jli/libjli.so
7fd855074000-7fd85509b000 r-xp 00000000 fd:01 132060                     /lib/x86_64-linux-gnu/ld-2.27.so
7fd855136000-7fd85517c000 rw-p 00000000 00:00 0 
7fd85517c000-7fd855186000 ---p 00000000 00:00 0 
7fd855186000-7fd85518e000 rw-s 00000000 fd:01 784165                     /tmp/hsperfdata_service/111096
7fd85518e000-7fd855192000 ---p 00000000 00:00 0 
7fd855192000-7fd855291000 rw-p 00000000 00:00 0 
7fd855295000-7fd855297000 r--s 00007000 fd:01 281851                     /usr/share/java/java-atk-wrapper.jar
7fd855297000-7fd855298000 ---p 00000000 00:00 0 
7fd855298000-7fd855299000 r--p 00000000 00:00 0 
7fd855299000-7fd85529b000 rw-p 00000000 00:00 0 
7fd85529b000-7fd85529c000 r--p 00027000 fd:01 132060                     /lib/x86_64-linux-gnu/ld-2.27.so
7fd85529c000-7fd85529d000 rw-p 00028000 fd:01 132060                     /lib/x86_64-linux-gnu/ld-2.27.so
7fd85529d000-7fd85529e000 rw-p 00000000 00:00 0 
7fff2650c000-7fff2652d000 rw-p 00000000 00:00 0                          [stack]
7fff2659e000-7fff265a1000 r--p 00000000 00:00 0                          [vvar]
7fff265a1000-7fff265a3000 r-xp 00000000 00:00 0                          [vdso]
ffffffffff600000-ffffffffff601000 r-xp 00000000 00:00 0                  [vsyscall]


VM Arguments:
jvm_args: -Xmx14000M -Djava.util.Arrays.useLegacyMergeSort=true -Xms8G -Xmx8G 
java_command: core.DTNSim -b 1 freiburg1True_settings.txt
java_class_path (initial): target:lib/ECLA.jar:lib/DTNConsoleConnection.jar
Launcher Type: SUN_STANDARD

[Global flags]
     intx CICompilerCount                          = 12                                        {product} {ergonomic}
     uint ConcGCThreads                            = 3                                         {product} {ergonomic}
     uint G1ConcRefinementThreads                  = 13                                        {product} {ergonomic}
   size_t G1HeapRegionSize                         = 4194304                                   {product} {ergonomic}
    uintx GCDrainStackTargetSize                   = 64                                        {product} {ergonomic}
   size_t InitialHeapSize                          = 8589934592                                {product} {command line}
   size_t MarkStackSize                            = 4194304                                   {product} {ergonomic}
   size_t MaxHeapSize                              = 8589934592                                {product} {command line}
   size_t MinHeapDeltaBytes                        = 4194304                                   {product} {ergonomic}
    uintx NonNMethodCodeHeapSize                   = 7594288                                {pd product} {ergonomic}
    uintx NonProfiledCodeHeapSize                  = 122031976                              {pd product} {ergonomic}
    uintx ProfiledCodeHeapSize                     = 122031976                              {pd product} {ergonomic}
    uintx ReservedCodeCacheSize                    = 251658240                              {pd product} {ergonomic}
     bool SegmentedCodeCache                       = true                                      {product} {ergonomic}
     bool UseCompressedClassPointers               = true                                 {lp64_product} {ergonomic}
     bool UseCompressedOops                        = true                                 {lp64_product} {ergonomic}
     bool UseG1GC                                  = true                                      {product} {ergonomic}

Logging:
Log output configuration:
 #0: stdout all=warning uptime,level,tags
 #1: stderr all=off uptime,level,tags

Environment Variables:
_JAVA_OPTIONS=-Xms8G -Xmx8G
PATH=/usr/local/sbin:/usr/local/bin:/usr/sbin:/usr/bin:/sbin:/bin:/usr/games:/usr/local/games:/snap/bin
SHELL=/bin/bash

Signal Handlers:
SIGSEGV: [libjvm.so+0xdf8d00], sa_mask[0]=11111111011111111101111111111110, sa_flags=SA_RESTART|SA_SIGINFO
SIGBUS: [libjvm.so+0xdf8d00], sa_mask[0]=11111111011111111101111111111110, sa_flags=SA_RESTART|SA_SIGINFO
SIGFPE: [libjvm.so+0xdf8d00], sa_mask[0]=11111111011111111101111111111110, sa_flags=SA_RESTART|SA_SIGINFO
SIGPIPE: [libjvm.so+0xbcbc30], sa_mask[0]=11111111011111111101111111111110, sa_flags=SA_RESTART|SA_SIGINFO
SIGXFSZ: [libjvm.so+0xbcbc30], sa_mask[0]=11111111011111111101111111111110, sa_flags=SA_RESTART|SA_SIGINFO
SIGILL: [libjvm.so+0xdf8d00], sa_mask[0]=11111111011111111101111111111110, sa_flags=SA_RESTART|SA_SIGINFO
SIGUSR2: [libjvm.so+0xbcbad0], sa_mask[0]=00000000000000000000000000000000, sa_flags=SA_RESTART|SA_SIGINFO
SIGHUP: SIG_DFL, sa_mask[0]=00000000000000000000000000000000, sa_flags=none
SIGINT: SIG_DFL, sa_mask[0]=00000000000000000000000000000000, sa_flags=none
SIGTERM: SIG_DFL, sa_mask[0]=00000000000000000000000000000000, sa_flags=none
SIGQUIT: SIG_DFL, sa_mask[0]=00000000000000000000000000000000, sa_flags=none


---------------  S Y S T E M  ---------------

OS:DISTRIB_ID=Ubuntu
DISTRIB_RELEASE=18.04
DISTRIB_CODENAME=bionic
DISTRIB_DESCRIPTION="Ubuntu 18.04.4 LTS"
uname:Linux 4.15.0-99-generic #100-Ubuntu SMP Wed Apr 22 20:32:56 UTC 2020 x86_64
OS uptime: 6 days 13:06 hours
libc:glibc 2.27 NPTL 2.27 
rlimit: STACK 8192k, CORE 0k, NPROC 257360, NOFILE 1048576, AS infinity, CPU infinity, DATA infinity, FSIZE infinity
load average:12.30 12.03 8.66

/proc/meminfo:
MemTotal:       65947376 kB
MemFree:         6273236 kB
MemAvailable:    6016968 kB
Buffers:           22004 kB
Cached:           273852 kB
SwapCached:         6952 kB
Active:         58905664 kB
Inactive:         198360 kB
Active(anon):   58802688 kB
Inactive(anon):     5576 kB
Active(file):     102976 kB
Inactive(file):   192784 kB
Unevictable:           0 kB
Mlocked:               0 kB
SwapTotal:       1998844 kB
SwapFree:        1946848 kB
Dirty:             23932 kB
Writeback:             0 kB
AnonPages:      58805508 kB
Mapped:            59364 kB
Shmem:                36 kB
Slab:             218852 kB
SReclaimable:      82676 kB
SUnreclaim:       136176 kB
KernelStack:       13080 kB
PageTables:       127500 kB
NFS_Unstable:          0 kB
Bounce:                0 kB
WritebackTmp:          0 kB
CommitLimit:    34972532 kB
Committed_AS:   97603696 kB
VmallocTotal:   34359738367 kB
VmallocUsed:           0 kB
VmallocChunk:          0 kB
HardwareCorrupted:     0 kB
AnonHugePages:         0 kB
ShmemHugePages:        0 kB
ShmemPmdMapped:        0 kB
CmaTotal:              0 kB
CmaFree:               0 kB
HugePages_Total:       0
HugePages_Free:        0
HugePages_Rsvd:        0
HugePages_Surp:        0
Hugepagesize:       2048 kB
DirectMap4k:      368448 kB
DirectMap2M:    37380096 kB
DirectMap1G:    31457280 kB


/proc/sys/kernel/threads-max (system-wide limit on the number of threads):
514720


/proc/sys/vm/max_map_count (maximum number of memory map areas a process may have):
65530


/proc/sys/kernel/pid_max (system-wide limit on number of process identifiers):
131072



container (cgroup) information:
container_type: cgroupv1
cpu_cpuset_cpus: 0-15
cpu_memory_nodes: 0
active_processor_count: 16
cpu_quota: -1
cpu_period: 100000
cpu_shares: -1
memory_limit_in_bytes: -1
memory_and_swap_limit_in_bytes: -2
memory_soft_limit_in_bytes: -1
memory_usage_in_bytes: 60635414528
memory_max_usage_in_bytes: 66838745088

VMWare virtualization detected
Steal ticks since vm start: 0
Steal ticks percentage since vm start:  0.000

CPU:total 16 (initial active 16) (1 cores per cpu, 1 threads per core) family 6 model 85 stepping 4, cmov, cx8, fxsr, mmx, sse, sse2, sse3, ssse3, sse4.1, sse4.2, popcnt, avx, avx2, aes, clmul, erms, 3dnowpref, lzcnt, tsc, tscinvbit, bmi1, bmi2, adx, fma
CPU Model and flags from /proc/cpuinfo:
model name	: Intel(R) Xeon(R) Gold 6136 CPU @ 3.00GHz
flags		: fpu vme de pse tsc msr pae mce cx8 apic sep mtrr pge mca cmov pat pse36 clflush dts mmx fxsr sse sse2 ss syscall nx pdpe1gb rdtscp lm constant_tsc arch_perfmon pebs bts nopl xtopology tsc_reliable nonstop_tsc cpuid pni pclmulqdq ssse3 fma cx16 pcid sse4_1 sse4_2 x2apic movbe popcnt tsc_deadline_timer aes xsave avx f16c rdrand hypervisor lahf_lm abm 3dnowprefetch cpuid_fault invpcid_single pti ssbd ibrs ibpb stibp fsgsbase tsc_adjust bmi1 avx2 smep bmi2 invpcid mpx avx512f avx512dq rdseed adx smap clflushopt clwb avx512cd avx512bw avx512vl xsaveopt xsavec xsaves arat pku ospke md_clear flush_l1d arch_capabilities

Memory: 4k page, physical 65947376k(6273236k free), swap 1998844k(1946848k free)

vm_info: OpenJDK 64-Bit Server VM (11.0.7+10-post-Ubuntu-2ubuntu218.04) for linux-amd64 JRE (11.0.7+10-post-Ubuntu-2ubuntu218.04), built on Apr 15 2020 21:12:54 by "unknown" with gcc 7.5.0

END.
