#
# There is insufficient memory for the Java Runtime Environment to continue.
# Native memory allocation (mmap) failed to map 8589934592 bytes for committing reserved memory.
# Possible reasons:
#   The system is out of physical RAM or swap space
#   The process is running with CompressedOops enabled, and the Java Heap may be blocking the growth of the native heap
# Possible solutions:
#   Reduce memory load on the system
#   Increase physical memory or swap space
#   Check if swap backing store is full
#   Decrease Java heap size (-Xmx/-Xms)
#   Decrease number of Java threads
#   Decrease Java thread stack sizes (-Xss)
#   Set larger code cache with -XX:ReservedCodeCacheSize=
# This output file may be truncated or incomplete.
#
#  Out of Memory Error (os_linux.cpp:2866), pid=112434, tid=112435
#
# JRE version:  (11.0.7+10) (build )
# Java VM: OpenJDK 64-Bit Server VM (11.0.7+10-post-Ubuntu-2ubuntu218.04, mixed mode, sharing, tiered, compressed oops, g1 gc, linux-amd64)
# Core dump will be written. Default location: Core dumps may be processed with "/usr/share/apport/apport %p %s %c %d %P %E" (or dumping to /home/service/the-one-normal/core.112434)
#

---------------  S U M M A R Y ------------

Command Line: -Xmx14000M -Djava.util.Arrays.useLegacyMergeSort=true -Xms8G -Xmx8G core.DTNSim -b 1 helsinki1True_settings.txt

Host: Intel(R) Xeon(R) Gold 6136 CPU @ 3.00GHz, 16 cores, 62G, Ubuntu 18.04.4 LTS
Time: Mon May 25 22:13:10 2020 CEST elapsed time: 0 seconds (0d 0h 0m 0s)

---------------  T H R E A D  ---------------

Current thread (0x00007ff7d0015800):  JavaThread "Unknown thread" [_thread_in_vm, id=112435, stack(0x00007ff7d6c1f000,0x00007ff7d6d20000)]

Stack: [0x00007ff7d6c1f000,0x00007ff7d6d20000],  sp=0x00007ff7d6d1e220,  free space=1020k
Native frames: (J=compiled Java code, A=aot compiled Java code, j=interpreted, Vv=VM code, C=native code)
V  [libjvm.so+0xdf8009]
V  [libjvm.so+0xdf8c9b]
V  [libjvm.so+0x6514e5]
V  [libjvm.so+0xbcfd48]
V  [libjvm.so+0xbc739d]
V  [libjvm.so+0x77034f]
V  [libjvm.so+0x7705be]
V  [libjvm.so+0x77c630]
V  [libjvm.so+0x7f8339]
V  [libjvm.so+0x7f8f92]
V  [libjvm.so+0x7f93f9]
V  [libjvm.so+0x72ea4f]
V  [libjvm.so+0x72f13d]
V  [libjvm.so+0xdb2512]
V  [libjvm.so+0xdb27a6]
V  [libjvm.so+0x81c067]
V  [libjvm.so+0xd8971f]
V  [libjvm.so+0x8d5871]  JNI_CreateJavaVM+0x51
C  [libjli.so+0x4a66]
C  [libjli.so+0x92cd]


---------------  P R O C E S S  ---------------

Threads class SMR info:
_java_thread_list=0x000055d0ba79a100, length=0, elements={
}

Java Threads: ( => current thread )

Other Threads:
  0x00007ff7d002e800 GCTaskThread "GC Thread#0" [stack: 0x00007ff7b7ac2000,0x00007ff7b7bc2000] [id=112436]
  0x00007ff7d0050000 ConcurrentGCThread "G1 Main Marker" [stack: 0x00007ff7b4bee000,0x00007ff7b4cee000] [id=112437]
  0x00007ff7d0052000 ConcurrentGCThread "G1 Conc#0" [stack: 0x00007ff7b4aec000,0x00007ff7b4bec000] [id=112438]

[error occurred during error reporting (printing all threads), id 0xb, SIGSEGV (0xb) at pc=0x00007ff7d51e1d90]

VM state:not at safepoint (not fully initialized)

VM Mutex/Monitor currently owned by a thread:  ([mutex/lock_event])
[0x00007ff7d0012e20] Heap_lock - owner thread: 0x00007ff7d0015800

Heap address: 0x0000000600000000, size: 8192 MB, Compressed Oops mode: Non-zero based: 0x0000000600000000
Narrow klass base: 0x0000000000000000, Narrow klass shift: 0

GC Heap History (0 events):
No events

Deoptimization events (0 events):
No events

Classes redefined (0 events):
No events

Internal exceptions (0 events):
No events

Events (3 events):
Event: 0.001 Protecting memory [0x00007ff7d6c1f000,0x00007ff7d6c23000] with protection modes 0
Event: 0.001 Loaded shared library /usr/lib/jvm/java-11-openjdk-amd64/lib/libzip.so
Event: 0.001 Loaded shared library /usr/lib/jvm/java-11-openjdk-amd64/lib/libjimage.so


Dynamic libraries:
55d0b8a30000-55d0b8a31000 r-xp 00000000 fd:01 789440                     /usr/lib/jvm/java-11-openjdk-amd64/bin/java
55d0b8c31000-55d0b8c32000 r--p 00001000 fd:01 789440                     /usr/lib/jvm/java-11-openjdk-amd64/bin/java
55d0b8c32000-55d0b8c33000 rw-p 00002000 fd:01 789440                     /usr/lib/jvm/java-11-openjdk-amd64/bin/java
55d0ba782000-55d0ba7a3000 rw-p 00000000 00:00 0                          [heap]
7ff790000000-7ff790021000 rw-p 00000000 00:00 0 
7ff790021000-7ff794000000 ---p 00000000 00:00 0 
7ff798000000-7ff798021000 rw-p 00000000 00:00 0 
7ff798021000-7ff79c000000 ---p 00000000 00:00 0 
7ff79ccfd000-7ff79f000000 rw-p 00000000 00:00 0 
7ff79f000000-7ff7b0000000 ---p 00000000 00:00 0 
7ff7b0000000-7ff7b0021000 rw-p 00000000 00:00 0 
7ff7b0021000-7ff7b4000000 ---p 00000000 00:00 0 
7ff7b40e0000-7ff7b4aea000 rw-p 00000000 00:00 0 
7ff7b4aea000-7ff7b4aeb000 ---p 00000000 00:00 0 
7ff7b4aeb000-7ff7b4bec000 rw-p 00000000 00:00 0 
7ff7b4bec000-7ff7b4bed000 ---p 00000000 00:00 0 
7ff7b4bed000-7ff7b4db3000 rw-p 00000000 00:00 0 
7ff7b4db3000-7ff7b6db3000 ---p 00000000 00:00 0 
7ff7b6db3000-7ff7b7ac0000 rw-p 00000000 00:00 0 
7ff7b7ac0000-7ff7b7ac1000 ---p 00000000 00:00 0 
7ff7b7ac1000-7ff7b7bc7000 rw-p 00000000 00:00 0 
7ff7b7bc7000-7ff7b7cab000 ---p 00000000 00:00 0 
7ff7b7cab000-7ff7b7f1b000 rwxp 00000000 00:00 0 
7ff7b7f1b000-7ff7b83ea000 ---p 00000000 00:00 0 
7ff7b83ea000-7ff7b865a000 rwxp 00000000 00:00 0 
7ff7b865a000-7ff7bf84a000 ---p 00000000 00:00 0 
7ff7bf84a000-7ff7bfaba000 rwxp 00000000 00:00 0 
7ff7bfaba000-7ff7c6cab000 ---p 00000000 00:00 0 
7ff7c6cab000-7ff7cf39e000 r--s 00000000 fd:01 789617                     /usr/lib/jvm/java-11-openjdk-amd64/lib/modules
7ff7cf39e000-7ff7cf3a3000 r-xp 00000000 fd:01 789599                     /usr/lib/jvm/java-11-openjdk-amd64/lib/libjimage.so
7ff7cf3a3000-7ff7cf5a2000 ---p 00005000 fd:01 789599                     /usr/lib/jvm/java-11-openjdk-amd64/lib/libjimage.so
7ff7cf5a2000-7ff7cf5a3000 r--p 00004000 fd:01 789599                     /usr/lib/jvm/java-11-openjdk-amd64/lib/libjimage.so
7ff7cf5a3000-7ff7cf5a4000 rw-p 00005000 fd:01 789599                     /usr/lib/jvm/java-11-openjdk-amd64/lib/libjimage.so
7ff7cf5a4000-7ff7cf5ab000 r-xp 00000000 fd:01 789616                     /usr/lib/jvm/java-11-openjdk-amd64/lib/libzip.so
7ff7cf5ab000-7ff7cf7aa000 ---p 00007000 fd:01 789616                     /usr/lib/jvm/java-11-openjdk-amd64/lib/libzip.so
7ff7cf7aa000-7ff7cf7ab000 r--p 00006000 fd:01 789616                     /usr/lib/jvm/java-11-openjdk-amd64/lib/libzip.so
7ff7cf7ab000-7ff7cf7ac000 rw-p 00007000 fd:01 789616                     /usr/lib/jvm/java-11-openjdk-amd64/lib/libzip.so
7ff7cf7ac000-7ff7cf7b7000 r-xp 00000000 fd:01 132076                     /lib/x86_64-linux-gnu/libnss_files-2.27.so
7ff7cf7b7000-7ff7cf9b6000 ---p 0000b000 fd:01 132076                     /lib/x86_64-linux-gnu/libnss_files-2.27.so
7ff7cf9b6000-7ff7cf9b7000 r--p 0000a000 fd:01 132076                     /lib/x86_64-linux-gnu/libnss_files-2.27.so
7ff7cf9b7000-7ff7cf9b8000 rw-p 0000b000 fd:01 132076                     /lib/x86_64-linux-gnu/libnss_files-2.27.so
7ff7cf9b8000-7ff7cf9be000 rw-p 00000000 00:00 0 
7ff7cf9be000-7ff7cf9e7000 r-xp 00000000 fd:01 789595                     /usr/lib/jvm/java-11-openjdk-amd64/lib/libjava.so
7ff7cf9e7000-7ff7cfbe6000 ---p 00029000 fd:01 789595                     /usr/lib/jvm/java-11-openjdk-amd64/lib/libjava.so
7ff7cfbe6000-7ff7cfbe7000 r--p 00028000 fd:01 789595                     /usr/lib/jvm/java-11-openjdk-amd64/lib/libjava.so
7ff7cfbe7000-7ff7cfbe9000 rw-p 00029000 fd:01 789595                     /usr/lib/jvm/java-11-openjdk-amd64/lib/libjava.so
7ff7cfbe9000-7ff7cfbf6000 r-xp 00000000 fd:01 789615                     /usr/lib/jvm/java-11-openjdk-amd64/lib/libverify.so
7ff7cfbf6000-7ff7cfdf5000 ---p 0000d000 fd:01 789615                     /usr/lib/jvm/java-11-openjdk-amd64/lib/libverify.so
7ff7cfdf5000-7ff7cfdf7000 r--p 0000c000 fd:01 789615                     /usr/lib/jvm/java-11-openjdk-amd64/lib/libverify.so
7ff7cfdf7000-7ff7cfdf8000 rw-p 0000e000 fd:01 789615                     /usr/lib/jvm/java-11-openjdk-amd64/lib/libverify.so
7ff7cfdf8000-7ff7cfdff000 r-xp 00000000 fd:01 132083                     /lib/x86_64-linux-gnu/librt-2.27.so
7ff7cfdff000-7ff7cfffe000 ---p 00007000 fd:01 132083                     /lib/x86_64-linux-gnu/librt-2.27.so
7ff7cfffe000-7ff7cffff000 r--p 00006000 fd:01 132083                     /lib/x86_64-linux-gnu/librt-2.27.so
7ff7cffff000-7ff7d0000000 rw-p 00007000 fd:01 132083                     /lib/x86_64-linux-gnu/librt-2.27.so
7ff7d0000000-7ff7d0092000 rw-p 00000000 00:00 0 
7ff7d0092000-7ff7d4000000 ---p 00000000 00:00 0 
7ff7d4072000-7ff7d4077000 rw-p 00000000 00:00 0 
7ff7d4077000-7ff7d415b000 ---p 00000000 00:00 0 
7ff7d415b000-7ff7d4172000 r-xp 00000000 fd:01 130639                     /lib/x86_64-linux-gnu/libgcc_s.so.1
7ff7d4172000-7ff7d4371000 ---p 00017000 fd:01 130639                     /lib/x86_64-linux-gnu/libgcc_s.so.1
7ff7d4371000-7ff7d4372000 r--p 00016000 fd:01 130639                     /lib/x86_64-linux-gnu/libgcc_s.so.1
7ff7d4372000-7ff7d4373000 rw-p 00017000 fd:01 130639                     /lib/x86_64-linux-gnu/libgcc_s.so.1
7ff7d4373000-7ff7d4510000 r-xp 00000000 fd:01 132069                     /lib/x86_64-linux-gnu/libm-2.27.so
7ff7d4510000-7ff7d470f000 ---p 0019d000 fd:01 132069                     /lib/x86_64-linux-gnu/libm-2.27.so
7ff7d470f000-7ff7d4710000 r--p 0019c000 fd:01 132069                     /lib/x86_64-linux-gnu/libm-2.27.so
7ff7d4710000-7ff7d4711000 rw-p 0019d000 fd:01 132069                     /lib/x86_64-linux-gnu/libm-2.27.so
7ff7d4711000-7ff7d488a000 r-xp 00000000 fd:01 783443                     /usr/lib/x86_64-linux-gnu/libstdc++.so.6.0.25
7ff7d488a000-7ff7d4a8a000 ---p 00179000 fd:01 783443                     /usr/lib/x86_64-linux-gnu/libstdc++.so.6.0.25
7ff7d4a8a000-7ff7d4a94000 r--p 00179000 fd:01 783443                     /usr/lib/x86_64-linux-gnu/libstdc++.so.6.0.25
7ff7d4a94000-7ff7d4a96000 rw-p 00183000 fd:01 783443                     /usr/lib/x86_64-linux-gnu/libstdc++.so.6.0.25
7ff7d4a96000-7ff7d4a9a000 rw-p 00000000 00:00 0 
7ff7d4a9a000-7ff7d5b77000 r-xp 00000000 fd:01 789622                     /usr/lib/jvm/java-11-openjdk-amd64/lib/server/libjvm.so
7ff7d5b77000-7ff7d5d76000 ---p 010dd000 fd:01 789622                     /usr/lib/jvm/java-11-openjdk-amd64/lib/server/libjvm.so
7ff7d5d76000-7ff7d5e33000 r--p 010dc000 fd:01 789622                     /usr/lib/jvm/java-11-openjdk-amd64/lib/server/libjvm.so
7ff7d5e33000-7ff7d5e6d000 rw-p 01199000 fd:01 789622                     /usr/lib/jvm/java-11-openjdk-amd64/lib/server/libjvm.so
7ff7d5e6d000-7ff7d5ec3000 rw-p 00000000 00:00 0 
7ff7d5ec3000-7ff7d5edd000 r-xp 00000000 fd:01 132081                     /lib/x86_64-linux-gnu/libpthread-2.27.so
7ff7d5edd000-7ff7d60dc000 ---p 0001a000 fd:01 132081                     /lib/x86_64-linux-gnu/libpthread-2.27.so
7ff7d60dc000-7ff7d60dd000 r--p 00019000 fd:01 132081                     /lib/x86_64-linux-gnu/libpthread-2.27.so
7ff7d60dd000-7ff7d60de000 rw-p 0001a000 fd:01 132081                     /lib/x86_64-linux-gnu/libpthread-2.27.so
7ff7d60de000-7ff7d60e2000 rw-p 00000000 00:00 0 
7ff7d60e2000-7ff7d60e5000 r-xp 00000000 fd:01 132068                     /lib/x86_64-linux-gnu/libdl-2.27.so
7ff7d60e5000-7ff7d62e4000 ---p 00003000 fd:01 132068                     /lib/x86_64-linux-gnu/libdl-2.27.so
7ff7d62e4000-7ff7d62e5000 r--p 00002000 fd:01 132068                     /lib/x86_64-linux-gnu/libdl-2.27.so
7ff7d62e5000-7ff7d62e6000 rw-p 00003000 fd:01 132068                     /lib/x86_64-linux-gnu/libdl-2.27.so
7ff7d62e6000-7ff7d6302000 r-xp 00000000 fd:01 130644                     /lib/x86_64-linux-gnu/libz.so.1.2.11
7ff7d6302000-7ff7d6501000 ---p 0001c000 fd:01 130644                     /lib/x86_64-linux-gnu/libz.so.1.2.11
7ff7d6501000-7ff7d6502000 r--p 0001b000 fd:01 130644                     /lib/x86_64-linux-gnu/libz.so.1.2.11
7ff7d6502000-7ff7d6503000 rw-p 0001c000 fd:01 130644                     /lib/x86_64-linux-gnu/libz.so.1.2.11
7ff7d6503000-7ff7d66ea000 r-xp 00000000 fd:01 132065                     /lib/x86_64-linux-gnu/libc-2.27.so
7ff7d66ea000-7ff7d68ea000 ---p 001e7000 fd:01 132065                     /lib/x86_64-linux-gnu/libc-2.27.so
7ff7d68ea000-7ff7d68ee000 r--p 001e7000 fd:01 132065                     /lib/x86_64-linux-gnu/libc-2.27.so
7ff7d68ee000-7ff7d68f0000 rw-p 001eb000 fd:01 132065                     /lib/x86_64-linux-gnu/libc-2.27.so
7ff7d68f0000-7ff7d68f4000 rw-p 00000000 00:00 0 
7ff7d68f4000-7ff7d6904000 r-xp 00000000 fd:01 789579                     /usr/lib/jvm/java-11-openjdk-amd64/lib/jli/libjli.so
7ff7d6904000-7ff7d6b03000 ---p 00010000 fd:01 789579                     /usr/lib/jvm/java-11-openjdk-amd64/lib/jli/libjli.so
7ff7d6b03000-7ff7d6b04000 r--p 0000f000 fd:01 789579                     /usr/lib/jvm/java-11-openjdk-amd64/lib/jli/libjli.so
7ff7d6b04000-7ff7d6b05000 rw-p 00010000 fd:01 789579                     /usr/lib/jvm/java-11-openjdk-amd64/lib/jli/libjli.so
7ff7d6b05000-7ff7d6b2c000 r-xp 00000000 fd:01 132060                     /lib/x86_64-linux-gnu/ld-2.27.so
7ff7d6bc7000-7ff7d6c0d000 rw-p 00000000 00:00 0 
7ff7d6c0d000-7ff7d6c17000 ---p 00000000 00:00 0 
7ff7d6c17000-7ff7d6c1f000 rw-s 00000000 fd:01 784165                     /tmp/hsperfdata_service/112434
7ff7d6c1f000-7ff7d6c23000 ---p 00000000 00:00 0 
7ff7d6c23000-7ff7d6d22000 rw-p 00000000 00:00 0 
7ff7d6d26000-7ff7d6d28000 r--s 00007000 fd:01 281851                     /usr/share/java/java-atk-wrapper.jar
7ff7d6d28000-7ff7d6d29000 ---p 00000000 00:00 0 
7ff7d6d29000-7ff7d6d2a000 r--p 00000000 00:00 0 
7ff7d6d2a000-7ff7d6d2c000 rw-p 00000000 00:00 0 
7ff7d6d2c000-7ff7d6d2d000 r--p 00027000 fd:01 132060                     /lib/x86_64-linux-gnu/ld-2.27.so
7ff7d6d2d000-7ff7d6d2e000 rw-p 00028000 fd:01 132060                     /lib/x86_64-linux-gnu/ld-2.27.so
7ff7d6d2e000-7ff7d6d2f000 rw-p 00000000 00:00 0 
7fff59413000-7fff59434000 rw-p 00000000 00:00 0                          [stack]
7fff59565000-7fff59568000 r--p 00000000 00:00 0                          [vvar]
7fff59568000-7fff5956a000 r-xp 00000000 00:00 0                          [vdso]
ffffffffff600000-ffffffffff601000 r-xp 00000000 00:00 0                  [vsyscall]


VM Arguments:
jvm_args: -Xmx14000M -Djava.util.Arrays.useLegacyMergeSort=true -Xms8G -Xmx8G 
java_command: core.DTNSim -b 1 helsinki1True_settings.txt
java_class_path (initial): target:lib/ECLA.jar:lib/DTNConsoleConnection.jar
Launcher Type: SUN_STANDARD

[Global flags]
     intx CICompilerCount                          = 12                                        {product} {ergonomic}
     uint ConcGCThreads                            = 3                                         {product} {ergonomic}
     uint G1ConcRefinementThreads                  = 13                                        {product} {ergonomic}
   size_t G1HeapRegionSize                         = 4194304                                   {product} {ergonomic}
    uintx GCDrainStackTargetSize                   = 64                                        {product} {ergonomic}
   size_t InitialHeapSize                          = 8589934592                                {product} {command line}
   size_t MarkStackSize                            = 4194304                                   {product} {ergonomic}
   size_t MaxHeapSize                              = 8589934592                                {product} {command line}
   size_t MinHeapDeltaBytes                        = 4194304                                   {product} {ergonomic}
    uintx NonNMethodCodeHeapSize                   = 7594288                                {pd product} {ergonomic}
    uintx NonProfiledCodeHeapSize                  = 122031976                              {pd product} {ergonomic}
    uintx ProfiledCodeHeapSize                     = 122031976                              {pd product} {ergonomic}
    uintx ReservedCodeCacheSize                    = 251658240                              {pd product} {ergonomic}
     bool SegmentedCodeCache                       = true                                      {product} {ergonomic}
     bool UseCompressedClassPointers               = true                                 {lp64_product} {ergonomic}
     bool UseCompressedOops                        = true                                 {lp64_product} {ergonomic}
     bool UseG1GC                                  = true                                      {product} {ergonomic}

Logging:
Log output configuration:
 #0: stdout all=warning uptime,level,tags
 #1: stderr all=off uptime,level,tags

Environment Variables:
_JAVA_OPTIONS=-Xms8G -Xmx8G
PATH=/usr/local/sbin:/usr/local/bin:/usr/sbin:/usr/bin:/sbin:/bin:/usr/games:/usr/local/games:/snap/bin
SHELL=/bin/bash

Signal Handlers:
SIGSEGV: [libjvm.so+0xdf8d00], sa_mask[0]=11111111011111111101111111111110, sa_flags=SA_RESTART|SA_SIGINFO
SIGBUS: [libjvm.so+0xdf8d00], sa_mask[0]=11111111011111111101111111111110, sa_flags=SA_RESTART|SA_SIGINFO
SIGFPE: [libjvm.so+0xdf8d00], sa_mask[0]=11111111011111111101111111111110, sa_flags=SA_RESTART|SA_SIGINFO
SIGPIPE: [libjvm.so+0xbcbc30], sa_mask[0]=11111111011111111101111111111110, sa_flags=SA_RESTART|SA_SIGINFO
SIGXFSZ: [libjvm.so+0xbcbc30], sa_mask[0]=11111111011111111101111111111110, sa_flags=SA_RESTART|SA_SIGINFO
SIGILL: [libjvm.so+0xdf8d00], sa_mask[0]=11111111011111111101111111111110, sa_flags=SA_RESTART|SA_SIGINFO
SIGUSR2: [libjvm.so+0xbcbad0], sa_mask[0]=00000000000000000000000000000000, sa_flags=SA_RESTART|SA_SIGINFO
SIGHUP: SIG_DFL, sa_mask[0]=00000000000000000000000000000000, sa_flags=none
SIGINT: SIG_DFL, sa_mask[0]=00000000000000000000000000000000, sa_flags=none
SIGTERM: SIG_DFL, sa_mask[0]=00000000000000000000000000000000, sa_flags=none
SIGQUIT: SIG_DFL, sa_mask[0]=00000000000000000000000000000000, sa_flags=none


---------------  S Y S T E M  ---------------

OS:DISTRIB_ID=Ubuntu
DISTRIB_RELEASE=18.04
DISTRIB_CODENAME=bionic
DISTRIB_DESCRIPTION="Ubuntu 18.04.4 LTS"
uname:Linux 4.15.0-99-generic #100-Ubuntu SMP Wed Apr 22 20:32:56 UTC 2020 x86_64
OS uptime: 6 days 13:06 hours
libc:glibc 2.27 NPTL 2.27 
rlimit: STACK 8192k, CORE 0k, NPROC 257360, NOFILE 1048576, AS infinity, CPU infinity, DATA infinity, FSIZE infinity
load average:12.44 12.06 8.69

/proc/meminfo:
MemTotal:       65947376 kB
MemFree:         6259076 kB
MemAvailable:    6010828 kB
Buffers:           22356 kB
Cached:           280940 kB
SwapCached:         6952 kB
Active:         58910936 kB
Inactive:         205456 kB
Active(anon):   58807604 kB
Inactive(anon):     5576 kB
Active(file):     103332 kB
Inactive(file):   199880 kB
Unevictable:           0 kB
Mlocked:               0 kB
SwapTotal:       1998844 kB
SwapFree:        1946848 kB
Dirty:             31136 kB
Writeback:             0 kB
AnonPages:      58810364 kB
Mapped:            59292 kB
Shmem:                36 kB
Slab:             220276 kB
SReclaimable:      83592 kB
SUnreclaim:       136684 kB
KernelStack:       13192 kB
PageTables:       127252 kB
NFS_Unstable:          0 kB
Bounce:                0 kB
WritebackTmp:          0 kB
CommitLimit:    34972532 kB
Committed_AS:   97585588 kB
VmallocTotal:   34359738367 kB
VmallocUsed:           0 kB
VmallocChunk:          0 kB
HardwareCorrupted:     0 kB
AnonHugePages:         0 kB
ShmemHugePages:        0 kB
ShmemPmdMapped:        0 kB
CmaTotal:              0 kB
CmaFree:               0 kB
HugePages_Total:       0
HugePages_Free:        0
HugePages_Rsvd:        0
HugePages_Surp:        0
Hugepagesize:       2048 kB
DirectMap4k:      368448 kB
DirectMap2M:    37380096 kB
DirectMap1G:    31457280 kB


/proc/sys/kernel/threads-max (system-wide limit on the number of threads):
514720


/proc/sys/vm/max_map_count (maximum number of memory map areas a process may have):
65530


/proc/sys/kernel/pid_max (system-wide limit on number of process identifiers):
131072



container (cgroup) information:
container_type: cgroupv1
cpu_cpuset_cpus: 0-15
cpu_memory_nodes: 0
active_processor_count: 16
cpu_quota: -1
cpu_period: 100000
cpu_shares: -1
memory_limit_in_bytes: -1
memory_and_swap_limit_in_bytes: -2
memory_soft_limit_in_bytes: -1
memory_usage_in_bytes: 60649631744
memory_max_usage_in_bytes: 66838745088

VMWare virtualization detected
Steal ticks since vm start: 0
Steal ticks percentage since vm start:  0.000

CPU:total 16 (initial active 16) (1 cores per cpu, 1 threads per core) family 6 model 85 stepping 4, cmov, cx8, fxsr, mmx, sse, sse2, sse3, ssse3, sse4.1, sse4.2, popcnt, avx, avx2, aes, clmul, erms, 3dnowpref, lzcnt, tsc, tscinvbit, bmi1, bmi2, adx, fma
CPU Model and flags from /proc/cpuinfo:
model name	: Intel(R) Xeon(R) Gold 6136 CPU @ 3.00GHz
flags		: fpu vme de pse tsc msr pae mce cx8 apic sep mtrr pge mca cmov pat pse36 clflush dts mmx fxsr sse sse2 ss syscall nx pdpe1gb rdtscp lm constant_tsc arch_perfmon pebs bts nopl xtopology tsc_reliable nonstop_tsc cpuid pni pclmulqdq ssse3 fma cx16 pcid sse4_1 sse4_2 x2apic movbe popcnt tsc_deadline_timer aes xsave avx f16c rdrand hypervisor lahf_lm abm 3dnowprefetch cpuid_fault invpcid_single pti ssbd ibrs ibpb stibp fsgsbase tsc_adjust bmi1 avx2 smep bmi2 invpcid mpx avx512f avx512dq rdseed adx smap clflushopt clwb avx512cd avx512bw avx512vl xsaveopt xsavec xsaves arat pku ospke md_clear flush_l1d arch_capabilities

Memory: 4k page, physical 65947376k(6259076k free), swap 1998844k(1946848k free)

vm_info: OpenJDK 64-Bit Server VM (11.0.7+10-post-Ubuntu-2ubuntu218.04) for linux-amd64 JRE (11.0.7+10-post-Ubuntu-2ubuntu218.04), built on Apr 15 2020 21:12:54 by "unknown" with gcc 7.5.0

END.
