#
# There is insufficient memory for the Java Runtime Environment to continue.
# Native memory allocation (mmap) failed to map 17179869184 bytes for committing reserved memory.
# Possible reasons:
#   The system is out of physical RAM or swap space
#   The process is running with CompressedOops enabled, and the Java Heap may be blocking the growth of the native heap
# Possible solutions:
#   Reduce memory load on the system
#   Increase physical memory or swap space
#   Check if swap backing store is full
#   Decrease Java heap size (-Xmx/-Xms)
#   Decrease number of Java threads
#   Decrease Java thread stack sizes (-Xss)
#   Set larger code cache with -XX:ReservedCodeCacheSize=
# This output file may be truncated or incomplete.
#
#  Out of Memory Error (os_linux.cpp:2866), pid=24743, tid=24744
#
# JRE version:  (11.0.7+10) (build )
# Java VM: OpenJDK 64-Bit Server VM (11.0.7+10-post-Ubuntu-2ubuntu218.04, mixed mode, sharing, tiered, compressed oops, g1 gc, linux-amd64)
# Core dump will be written. Default location: Core dumps may be processed with "/usr/share/apport/apport %p %s %c %d %P %E" (or dumping to /home/service/the-one-normal/core.24743)
#

---------------  S U M M A R Y ------------

Command Line: -Xmx14000M -Djava.util.Arrays.useLegacyMergeSort=true -Xms16G -Xmx16G core.DTNSim -b 1 helsinki1True_settings.txt

Host: Intel(R) Xeon(R) Gold 6136 CPU @ 3.00GHz, 16 cores, 62G, Ubuntu 18.04.4 LTS
Time: Wed May 27 20:43:15 2020 CEST elapsed time: 0 seconds (0d 0h 0m 0s)

---------------  T H R E A D  ---------------

Current thread (0x00007fafe4015800):  JavaThread "Unknown thread" [_thread_in_vm, id=24744, stack(0x00007fafeb0e6000,0x00007fafeb1e7000)]

Stack: [0x00007fafeb0e6000,0x00007fafeb1e7000],  sp=0x00007fafeb1e5220,  free space=1020k
Native frames: (J=compiled Java code, A=aot compiled Java code, j=interpreted, Vv=VM code, C=native code)
V  [libjvm.so+0xdf8009]
V  [libjvm.so+0xdf8c9b]
V  [libjvm.so+0x6514e5]
V  [libjvm.so+0xbcfd48]
V  [libjvm.so+0xbc739d]
V  [libjvm.so+0x77034f]
V  [libjvm.so+0x7705be]
V  [libjvm.so+0x77c630]
V  [libjvm.so+0x7f8339]
V  [libjvm.so+0x7f8f92]
V  [libjvm.so+0x7f93f9]
V  [libjvm.so+0x72ea4f]
V  [libjvm.so+0x72f13d]
V  [libjvm.so+0xdb2512]
V  [libjvm.so+0xdb27a6]
V  [libjvm.so+0x81c067]
V  [libjvm.so+0xd8971f]
V  [libjvm.so+0x8d5871]  JNI_CreateJavaVM+0x51
C  [libjli.so+0x4a66]
C  [libjli.so+0x92cd]


---------------  P R O C E S S  ---------------

Threads class SMR info:
_java_thread_list=0x000055ed4546a100, length=0, elements={
}

Java Threads: ( => current thread )

Other Threads:
  0x00007fafe402e800 GCTaskThread "GC Thread#0" [stack: 0x00007fafcbff8000,0x00007fafcc0f8000] [id=24745]
  0x00007fafe4052800 ConcurrentGCThread "G1 Main Marker" [stack: 0x00007fafc9124000,0x00007fafc9224000] [id=24746]
  0x00007fafe4054000 ConcurrentGCThread "G1 Conc#0" [stack: 0x00007fafc9022000,0x00007fafc9122000] [id=24747]

[error occurred during error reporting (printing all threads), id 0xb, SIGSEGV (0xb) at pc=0x00007fafe96a8d90]

VM state:not at safepoint (not fully initialized)

VM Mutex/Monitor currently owned by a thread:  ([mutex/lock_event])
[0x00007fafe4012e20] Heap_lock - owner thread: 0x00007fafe4015800

Heap address: 0x0000000400000000, size: 16384 MB, Compressed Oops mode: Non-zero based: 0x0000000400000000
Narrow klass base: 0x0000000000000000, Narrow klass shift: 0

GC Heap History (0 events):
No events

Deoptimization events (0 events):
No events

Classes redefined (0 events):
No events

Internal exceptions (0 events):
No events

Events (3 events):
Event: 0.002 Protecting memory [0x00007fafeb0e6000,0x00007fafeb0ea000] with protection modes 0
Event: 0.003 Loaded shared library /usr/lib/jvm/java-11-openjdk-amd64/lib/libzip.so
Event: 0.003 Loaded shared library /usr/lib/jvm/java-11-openjdk-amd64/lib/libjimage.so


Dynamic libraries:
55ed44114000-55ed44115000 r-xp 00000000 fd:01 789440                     /usr/lib/jvm/java-11-openjdk-amd64/bin/java
55ed44315000-55ed44316000 r--p 00001000 fd:01 789440                     /usr/lib/jvm/java-11-openjdk-amd64/bin/java
55ed44316000-55ed44317000 rw-p 00002000 fd:01 789440                     /usr/lib/jvm/java-11-openjdk-amd64/bin/java
55ed45452000-55ed45473000 rw-p 00000000 00:00 0                          [heap]
7faf96000000-7faf98000000 rw-p 00000000 00:00 0 
7faf98000000-7faf98021000 rw-p 00000000 00:00 0 
7faf98021000-7faf9c000000 ---p 00000000 00:00 0 
7faf9c000000-7faf9c021000 rw-p 00000000 00:00 0 
7faf9c021000-7fafc4000000 ---p 00000000 00:00 0 
7fafc4000000-7fafc4021000 rw-p 00000000 00:00 0 
7fafc4021000-7fafc8000000 ---p 00000000 00:00 0 
7fafc8313000-7fafc9020000 rw-p 00000000 00:00 0 
7fafc9020000-7fafc9021000 ---p 00000000 00:00 0 
7fafc9021000-7fafc9122000 rw-p 00000000 00:00 0 
7fafc9122000-7fafc9123000 ---p 00000000 00:00 0 
7fafc9123000-7fafc92e9000 rw-p 00000000 00:00 0 
7fafc92e9000-7fafcb2e9000 ---p 00000000 00:00 0 
7fafcb2e9000-7fafcbff6000 rw-p 00000000 00:00 0 
7fafcbff6000-7fafcbff7000 ---p 00000000 00:00 0 
7fafcbff7000-7fafcc0fd000 rw-p 00000000 00:00 0 
7fafcc0fd000-7fafcc1e1000 ---p 00000000 00:00 0 
7fafcc1e1000-7fafcc1e6000 rw-p 00000000 00:00 0 
7fafcc1e6000-7fafcc2ca000 ---p 00000000 00:00 0 
7fafcc2ca000-7fafcc53a000 rwxp 00000000 00:00 0 
7fafcc53a000-7fafcca09000 ---p 00000000 00:00 0 
7fafcca09000-7fafccc79000 rwxp 00000000 00:00 0 
7fafccc79000-7fafd3e69000 ---p 00000000 00:00 0 
7fafd3e69000-7fafd40d9000 rwxp 00000000 00:00 0 
7fafd40d9000-7fafdb2ca000 ---p 00000000 00:00 0 
7fafdb2ca000-7fafe39bd000 r--s 00000000 fd:01 789617                     /usr/lib/jvm/java-11-openjdk-amd64/lib/modules
7fafe39bd000-7fafe39c2000 r-xp 00000000 fd:01 789599                     /usr/lib/jvm/java-11-openjdk-amd64/lib/libjimage.so
7fafe39c2000-7fafe3bc1000 ---p 00005000 fd:01 789599                     /usr/lib/jvm/java-11-openjdk-amd64/lib/libjimage.so
7fafe3bc1000-7fafe3bc2000 r--p 00004000 fd:01 789599                     /usr/lib/jvm/java-11-openjdk-amd64/lib/libjimage.so
7fafe3bc2000-7fafe3bc3000 rw-p 00005000 fd:01 789599                     /usr/lib/jvm/java-11-openjdk-amd64/lib/libjimage.so
7fafe3bc3000-7fafe3bce000 r-xp 00000000 fd:01 132076                     /lib/x86_64-linux-gnu/libnss_files-2.27.so
7fafe3bce000-7fafe3dcd000 ---p 0000b000 fd:01 132076                     /lib/x86_64-linux-gnu/libnss_files-2.27.so
7fafe3dcd000-7fafe3dce000 r--p 0000a000 fd:01 132076                     /lib/x86_64-linux-gnu/libnss_files-2.27.so
7fafe3dce000-7fafe3dcf000 rw-p 0000b000 fd:01 132076                     /lib/x86_64-linux-gnu/libnss_files-2.27.so
7fafe3dcf000-7fafe3dd5000 rw-p 00000000 00:00 0 
7fafe3dd5000-7fafe3dfe000 r-xp 00000000 fd:01 789595                     /usr/lib/jvm/java-11-openjdk-amd64/lib/libjava.so
7fafe3dfe000-7fafe3ffd000 ---p 00029000 fd:01 789595                     /usr/lib/jvm/java-11-openjdk-amd64/lib/libjava.so
7fafe3ffd000-7fafe3ffe000 r--p 00028000 fd:01 789595                     /usr/lib/jvm/java-11-openjdk-amd64/lib/libjava.so
7fafe3ffe000-7fafe4000000 rw-p 00029000 fd:01 789595                     /usr/lib/jvm/java-11-openjdk-amd64/lib/libjava.so
7fafe4000000-7fafe4094000 rw-p 00000000 00:00 0 
7fafe4094000-7fafe8000000 ---p 00000000 00:00 0 
7fafe8003000-7fafe800a000 r-xp 00000000 fd:01 789616                     /usr/lib/jvm/java-11-openjdk-amd64/lib/libzip.so
7fafe800a000-7fafe8209000 ---p 00007000 fd:01 789616                     /usr/lib/jvm/java-11-openjdk-amd64/lib/libzip.so
7fafe8209000-7fafe820a000 r--p 00006000 fd:01 789616                     /usr/lib/jvm/java-11-openjdk-amd64/lib/libzip.so
7fafe820a000-7fafe820b000 rw-p 00007000 fd:01 789616                     /usr/lib/jvm/java-11-openjdk-amd64/lib/libzip.so
7fafe820b000-7fafe8218000 r-xp 00000000 fd:01 789615                     /usr/lib/jvm/java-11-openjdk-amd64/lib/libverify.so
7fafe8218000-7fafe8417000 ---p 0000d000 fd:01 789615                     /usr/lib/jvm/java-11-openjdk-amd64/lib/libverify.so
7fafe8417000-7fafe8419000 r--p 0000c000 fd:01 789615                     /usr/lib/jvm/java-11-openjdk-amd64/lib/libverify.so
7fafe8419000-7fafe841a000 rw-p 0000e000 fd:01 789615                     /usr/lib/jvm/java-11-openjdk-amd64/lib/libverify.so
7fafe841a000-7fafe8421000 r-xp 00000000 fd:01 132083                     /lib/x86_64-linux-gnu/librt-2.27.so
7fafe8421000-7fafe8620000 ---p 00007000 fd:01 132083                     /lib/x86_64-linux-gnu/librt-2.27.so
7fafe8620000-7fafe8621000 r--p 00006000 fd:01 132083                     /lib/x86_64-linux-gnu/librt-2.27.so
7fafe8621000-7fafe8622000 rw-p 00007000 fd:01 132083                     /lib/x86_64-linux-gnu/librt-2.27.so
7fafe8622000-7fafe8639000 r-xp 00000000 fd:01 130639                     /lib/x86_64-linux-gnu/libgcc_s.so.1
7fafe8639000-7fafe8838000 ---p 00017000 fd:01 130639                     /lib/x86_64-linux-gnu/libgcc_s.so.1
7fafe8838000-7fafe8839000 r--p 00016000 fd:01 130639                     /lib/x86_64-linux-gnu/libgcc_s.so.1
7fafe8839000-7fafe883a000 rw-p 00017000 fd:01 130639                     /lib/x86_64-linux-gnu/libgcc_s.so.1
7fafe883a000-7fafe89d7000 r-xp 00000000 fd:01 132069                     /lib/x86_64-linux-gnu/libm-2.27.so
7fafe89d7000-7fafe8bd6000 ---p 0019d000 fd:01 132069                     /lib/x86_64-linux-gnu/libm-2.27.so
7fafe8bd6000-7fafe8bd7000 r--p 0019c000 fd:01 132069                     /lib/x86_64-linux-gnu/libm-2.27.so
7fafe8bd7000-7fafe8bd8000 rw-p 0019d000 fd:01 132069                     /lib/x86_64-linux-gnu/libm-2.27.so
7fafe8bd8000-7fafe8d51000 r-xp 00000000 fd:01 783443                     /usr/lib/x86_64-linux-gnu/libstdc++.so.6.0.25
7fafe8d51000-7fafe8f51000 ---p 00179000 fd:01 783443                     /usr/lib/x86_64-linux-gnu/libstdc++.so.6.0.25
7fafe8f51000-7fafe8f5b000 r--p 00179000 fd:01 783443                     /usr/lib/x86_64-linux-gnu/libstdc++.so.6.0.25
7fafe8f5b000-7fafe8f5d000 rw-p 00183000 fd:01 783443                     /usr/lib/x86_64-linux-gnu/libstdc++.so.6.0.25
7fafe8f5d000-7fafe8f61000 rw-p 00000000 00:00 0 
7fafe8f61000-7fafea03e000 r-xp 00000000 fd:01 789622                     /usr/lib/jvm/java-11-openjdk-amd64/lib/server/libjvm.so
7fafea03e000-7fafea23d000 ---p 010dd000 fd:01 789622                     /usr/lib/jvm/java-11-openjdk-amd64/lib/server/libjvm.so
7fafea23d000-7fafea2fa000 r--p 010dc000 fd:01 789622                     /usr/lib/jvm/java-11-openjdk-amd64/lib/server/libjvm.so
7fafea2fa000-7fafea334000 rw-p 01199000 fd:01 789622                     /usr/lib/jvm/java-11-openjdk-amd64/lib/server/libjvm.so
7fafea334000-7fafea38a000 rw-p 00000000 00:00 0 
7fafea38a000-7fafea3a4000 r-xp 00000000 fd:01 132081                     /lib/x86_64-linux-gnu/libpthread-2.27.so
7fafea3a4000-7fafea5a3000 ---p 0001a000 fd:01 132081                     /lib/x86_64-linux-gnu/libpthread-2.27.so
7fafea5a3000-7fafea5a4000 r--p 00019000 fd:01 132081                     /lib/x86_64-linux-gnu/libpthread-2.27.so
7fafea5a4000-7fafea5a5000 rw-p 0001a000 fd:01 132081                     /lib/x86_64-linux-gnu/libpthread-2.27.so
7fafea5a5000-7fafea5a9000 rw-p 00000000 00:00 0 
7fafea5a9000-7fafea5ac000 r-xp 00000000 fd:01 132068                     /lib/x86_64-linux-gnu/libdl-2.27.so
7fafea5ac000-7fafea7ab000 ---p 00003000 fd:01 132068                     /lib/x86_64-linux-gnu/libdl-2.27.so
7fafea7ab000-7fafea7ac000 r--p 00002000 fd:01 132068                     /lib/x86_64-linux-gnu/libdl-2.27.so
7fafea7ac000-7fafea7ad000 rw-p 00003000 fd:01 132068                     /lib/x86_64-linux-gnu/libdl-2.27.so
7fafea7ad000-7fafea7c9000 r-xp 00000000 fd:01 130644                     /lib/x86_64-linux-gnu/libz.so.1.2.11
7fafea7c9000-7fafea9c8000 ---p 0001c000 fd:01 130644                     /lib/x86_64-linux-gnu/libz.so.1.2.11
7fafea9c8000-7fafea9c9000 r--p 0001b000 fd:01 130644                     /lib/x86_64-linux-gnu/libz.so.1.2.11
7fafea9c9000-7fafea9ca000 rw-p 0001c000 fd:01 130644                     /lib/x86_64-linux-gnu/libz.so.1.2.11
7fafea9ca000-7fafeabb1000 r-xp 00000000 fd:01 132065                     /lib/x86_64-linux-gnu/libc-2.27.so
7fafeabb1000-7fafeadb1000 ---p 001e7000 fd:01 132065                     /lib/x86_64-linux-gnu/libc-2.27.so
7fafeadb1000-7fafeadb5000 r--p 001e7000 fd:01 132065                     /lib/x86_64-linux-gnu/libc-2.27.so
7fafeadb5000-7fafeadb7000 rw-p 001eb000 fd:01 132065                     /lib/x86_64-linux-gnu/libc-2.27.so
7fafeadb7000-7fafeadbb000 rw-p 00000000 00:00 0 
7fafeadbb000-7fafeadcb000 r-xp 00000000 fd:01 789579                     /usr/lib/jvm/java-11-openjdk-amd64/lib/jli/libjli.so
7fafeadcb000-7fafeafca000 ---p 00010000 fd:01 789579                     /usr/lib/jvm/java-11-openjdk-amd64/lib/jli/libjli.so
7fafeafca000-7fafeafcb000 r--p 0000f000 fd:01 789579                     /usr/lib/jvm/java-11-openjdk-amd64/lib/jli/libjli.so
7fafeafcb000-7fafeafcc000 rw-p 00010000 fd:01 789579                     /usr/lib/jvm/java-11-openjdk-amd64/lib/jli/libjli.so
7fafeafcc000-7fafeaff3000 r-xp 00000000 fd:01 132060                     /lib/x86_64-linux-gnu/ld-2.27.so
7fafeb04e000-7fafeb0d4000 rw-p 00000000 00:00 0 
7fafeb0d4000-7fafeb0de000 ---p 00000000 00:00 0 
7fafeb0de000-7fafeb0e6000 rw-s 00000000 fd:01 796917                     /tmp/hsperfdata_service/24743
7fafeb0e6000-7fafeb0ea000 ---p 00000000 00:00 0 
7fafeb0ea000-7fafeb1e9000 rw-p 00000000 00:00 0 
7fafeb1ed000-7fafeb1ef000 r--s 00007000 fd:01 281851                     /usr/share/java/java-atk-wrapper.jar
7fafeb1ef000-7fafeb1f0000 ---p 00000000 00:00 0 
7fafeb1f0000-7fafeb1f1000 r--p 00000000 00:00 0 
7fafeb1f1000-7fafeb1f3000 rw-p 00000000 00:00 0 
7fafeb1f3000-7fafeb1f4000 r--p 00027000 fd:01 132060                     /lib/x86_64-linux-gnu/ld-2.27.so
7fafeb1f4000-7fafeb1f5000 rw-p 00028000 fd:01 132060                     /lib/x86_64-linux-gnu/ld-2.27.so
7fafeb1f5000-7fafeb1f6000 rw-p 00000000 00:00 0 
7fff26f64000-7fff26f85000 rw-p 00000000 00:00 0                          [stack]
7fff26fbc000-7fff26fbf000 r--p 00000000 00:00 0                          [vvar]
7fff26fbf000-7fff26fc1000 r-xp 00000000 00:00 0                          [vdso]
ffffffffff600000-ffffffffff601000 r-xp 00000000 00:00 0                  [vsyscall]


VM Arguments:
jvm_args: -Xmx14000M -Djava.util.Arrays.useLegacyMergeSort=true -Xms16G -Xmx16G 
java_command: core.DTNSim -b 1 helsinki1True_settings.txt
java_class_path (initial): target:lib/ECLA.jar:lib/DTNConsoleConnection.jar
Launcher Type: SUN_STANDARD

[Global flags]
     intx CICompilerCount                          = 12                                        {product} {ergonomic}
     uint ConcGCThreads                            = 3                                         {product} {ergonomic}
     uint G1ConcRefinementThreads                  = 13                                        {product} {ergonomic}
   size_t G1HeapRegionSize                         = 8388608                                   {product} {ergonomic}
    uintx GCDrainStackTargetSize                   = 64                                        {product} {ergonomic}
   size_t InitialHeapSize                          = 17179869184                               {product} {command line}
   size_t MarkStackSize                            = 4194304                                   {product} {ergonomic}
   size_t MaxHeapSize                              = 17179869184                               {product} {command line}
   size_t MinHeapDeltaBytes                        = 8388608                                   {product} {ergonomic}
    uintx NonNMethodCodeHeapSize                   = 7594288                                {pd product} {ergonomic}
    uintx NonProfiledCodeHeapSize                  = 122031976                              {pd product} {ergonomic}
    uintx ProfiledCodeHeapSize                     = 122031976                              {pd product} {ergonomic}
    uintx ReservedCodeCacheSize                    = 251658240                              {pd product} {ergonomic}
     bool SegmentedCodeCache                       = true                                      {product} {ergonomic}
     bool UseCompressedClassPointers               = true                                 {lp64_product} {ergonomic}
     bool UseCompressedOops                        = true                                 {lp64_product} {ergonomic}
     bool UseG1GC                                  = true                                      {product} {ergonomic}

Logging:
Log output configuration:
 #0: stdout all=warning uptime,level,tags
 #1: stderr all=off uptime,level,tags

Environment Variables:
_JAVA_OPTIONS=-Xms16G -Xmx16G
PATH=/usr/local/sbin:/usr/local/bin:/usr/sbin:/usr/bin:/sbin:/bin:/usr/games:/usr/local/games:/snap/bin
SHELL=/bin/bash

Signal Handlers:
SIGSEGV: [libjvm.so+0xdf8d00], sa_mask[0]=11111111011111111101111111111110, sa_flags=SA_RESTART|SA_SIGINFO
SIGBUS: [libjvm.so+0xdf8d00], sa_mask[0]=11111111011111111101111111111110, sa_flags=SA_RESTART|SA_SIGINFO
SIGFPE: [libjvm.so+0xdf8d00], sa_mask[0]=11111111011111111101111111111110, sa_flags=SA_RESTART|SA_SIGINFO
SIGPIPE: [libjvm.so+0xbcbc30], sa_mask[0]=11111111011111111101111111111110, sa_flags=SA_RESTART|SA_SIGINFO
SIGXFSZ: [libjvm.so+0xbcbc30], sa_mask[0]=11111111011111111101111111111110, sa_flags=SA_RESTART|SA_SIGINFO
SIGILL: [libjvm.so+0xdf8d00], sa_mask[0]=11111111011111111101111111111110, sa_flags=SA_RESTART|SA_SIGINFO
SIGUSR2: [libjvm.so+0xbcbad0], sa_mask[0]=00000000000000000000000000000000, sa_flags=SA_RESTART|SA_SIGINFO
SIGHUP: SIG_DFL, sa_mask[0]=00000000000000000000000000000000, sa_flags=none
SIGINT: SIG_DFL, sa_mask[0]=00000000000000000000000000000000, sa_flags=none
SIGTERM: SIG_DFL, sa_mask[0]=00000000000000000000000000000000, sa_flags=none
SIGQUIT: SIG_DFL, sa_mask[0]=00000000000000000000000000000000, sa_flags=none


---------------  S Y S T E M  ---------------

OS:DISTRIB_ID=Ubuntu
DISTRIB_RELEASE=18.04
DISTRIB_CODENAME=bionic
DISTRIB_DESCRIPTION="Ubuntu 18.04.4 LTS"
uname:Linux 4.15.0-99-generic #100-Ubuntu SMP Wed Apr 22 20:32:56 UTC 2020 x86_64
OS uptime: 8 days 11:36 hours
libc:glibc 2.27 NPTL 2.27 
rlimit: STACK 8192k, CORE 0k, NPROC 257360, NOFILE 1048576, AS infinity, CPU infinity, DATA infinity, FSIZE infinity
load average:5.14 5.05 5.05

/proc/meminfo:
MemTotal:       65947376 kB
MemFree:        10415824 kB
MemAvailable:   12632368 kB
Buffers:          182188 kB
Cached:          2524680 kB
SwapCached:         7532 kB
Active:         53622020 kB
Inactive:        1236672 kB
Active(anon):   52146456 kB
Inactive(anon):     5656 kB
Active(file):    1475564 kB
Inactive(file):  1231016 kB
Unevictable:           0 kB
Mlocked:               0 kB
SwapTotal:       1998844 kB
SwapFree:        1948128 kB
Dirty:               844 kB
Writeback:             0 kB
AnonPages:      52149068 kB
Mapped:            63776 kB
Shmem:               204 kB
Slab:             341040 kB
SReclaimable:     199512 kB
SUnreclaim:       141528 kB
KernelStack:        9576 kB
PageTables:       110904 kB
NFS_Unstable:          0 kB
Bounce:                0 kB
WritebackTmp:          0 kB
CommitLimit:    34972532 kB
Committed_AS:   88093164 kB
VmallocTotal:   34359738367 kB
VmallocUsed:           0 kB
VmallocChunk:          0 kB
HardwareCorrupted:     0 kB
AnonHugePages:         0 kB
ShmemHugePages:        0 kB
ShmemPmdMapped:        0 kB
CmaTotal:              0 kB
CmaFree:               0 kB
HugePages_Total:       0
HugePages_Free:        0
HugePages_Rsvd:        0
HugePages_Surp:        0
Hugepagesize:       2048 kB
DirectMap4k:      395072 kB
DirectMap2M:    37353472 kB
DirectMap1G:    31457280 kB


/proc/sys/kernel/threads-max (system-wide limit on the number of threads):
514720


/proc/sys/vm/max_map_count (maximum number of memory map areas a process may have):
65530


/proc/sys/kernel/pid_max (system-wide limit on number of process identifiers):
131072



container (cgroup) information:
container_type: cgroupv1
cpu_cpuset_cpus: 0-15
cpu_memory_nodes: 0
active_processor_count: 16
cpu_quota: -1
cpu_period: 100000
cpu_shares: -1
memory_limit_in_bytes: -1
memory_and_swap_limit_in_bytes: -2
memory_soft_limit_in_bytes: -1
memory_usage_in_bytes: 55777370112
memory_max_usage_in_bytes: 66838745088

VMWare virtualization detected
Steal ticks since vm start: 0
Steal ticks percentage since vm start:  0.000

CPU:total 16 (initial active 16) (1 cores per cpu, 1 threads per core) family 6 model 85 stepping 4, cmov, cx8, fxsr, mmx, sse, sse2, sse3, ssse3, sse4.1, sse4.2, popcnt, avx, avx2, aes, clmul, erms, 3dnowpref, lzcnt, tsc, tscinvbit, bmi1, bmi2, adx, fma
CPU Model and flags from /proc/cpuinfo:
model name	: Intel(R) Xeon(R) Gold 6136 CPU @ 3.00GHz
flags		: fpu vme de pse tsc msr pae mce cx8 apic sep mtrr pge mca cmov pat pse36 clflush dts mmx fxsr sse sse2 ss syscall nx pdpe1gb rdtscp lm constant_tsc arch_perfmon pebs bts nopl xtopology tsc_reliable nonstop_tsc cpuid pni pclmulqdq ssse3 fma cx16 pcid sse4_1 sse4_2 x2apic movbe popcnt tsc_deadline_timer aes xsave avx f16c rdrand hypervisor lahf_lm abm 3dnowprefetch cpuid_fault invpcid_single pti ssbd ibrs ibpb stibp fsgsbase tsc_adjust bmi1 avx2 smep bmi2 invpcid mpx avx512f avx512dq rdseed adx smap clflushopt clwb avx512cd avx512bw avx512vl xsaveopt xsavec xsaves arat pku ospke md_clear flush_l1d arch_capabilities

Memory: 4k page, physical 65947376k(10415824k free), swap 1998844k(1948128k free)

vm_info: OpenJDK 64-Bit Server VM (11.0.7+10-post-Ubuntu-2ubuntu218.04) for linux-amd64 JRE (11.0.7+10-post-Ubuntu-2ubuntu218.04), built on Apr 15 2020 21:12:54 by "unknown" with gcc 7.5.0

END.
